-------------------------------------------------------------------------------
Test set: com.example.demo.UserApplicationTests
-------------------------------------------------------------------------------
Tests run: 1, Failures: 0, Errors: 1, Skipped: 0, Time elapsed: 20.814 s <<< FAILURE! - in com.example.demo.UserApplicationTests
contextLoads(com.example.demo.UserApplicationTests)  Time elapsed: 0.001 s  <<< ERROR!
java.lang.IllegalStateException: Failed to load ApplicationContext
Caused by: org.springframework.beans.factory.BeanCreationException: Error creating bean with name 'scopedTarget.userService': Injection of autowired dependencies failed; nested exception is java.lang.IllegalArgumentException: Could not resolve placeholder 'foo' in value "${foo}"
Caused by: java.lang.IllegalArgumentException: Could not resolve placeholder 'foo' in value "${foo}"

