<?xml version="1.0" encoding="UTF-8"?>
<testsuite xmlns:xsi="http://www.w3.org/2001/XMLSchema-instance" xsi:noNamespaceSchemaLocation="https://maven.apache.org/surefire/maven-surefire-plugin/xsd/surefire-test-report.xsd" name="com.example.demo.UserApplicationTests" time="20.814" tests="1" errors="1" skipped="0" failures="0">
  <properties>
[...]
</properties>
  <testcase name="contextLoads" classname="com.example.demo.UserApplicationTests" time="0.001">
    <error message="Failed to load ApplicationContext" type="java.lang.IllegalStateException">java.lang.IllegalStateException: Failed to load ApplicationContext
Caused by: org.springframework.beans.factory.BeanCreationException: Error creating bean with name 'scopedTarget.userService': Injection of autowired dependencies failed; nested exception is java.lang.IllegalArgumentException: Could not resolve placeholder 'foo' in value "${foo}"
Caused by: java.lang.IllegalArgumentException: Could not resolve placeholder 'foo' in value "${foo}"
</error>
    <system-out><![CDATA[16:13:13.461 [main] DEBUG org.springframework.test.context.junit4.SpringJUnit4ClassRunner - SpringJUnit4ClassRunner constructor called with [class com.example.demo.UserApplicationTests]
16:13:13.467 [main] DEBUG org.springframework.test.context.BootstrapUtils - Instantiating CacheAwareContextLoaderDelegate from class [org.springframework.test.context.cache.DefaultCacheAwareContextLoaderDelegate]
16:13:13.490 [main] DEBUG org.springframework.test.context.BootstrapUtils - Instantiating BootstrapContext using constructor [public org.springframework.test.context.support.DefaultBootstrapContext(java.lang.Class,org.springframework.test.context.CacheAwareContextLoaderDelegate)]
16:13:13.505 [main] DEBUG org.springframework.test.context.BootstrapUtils - Instantiating TestContextBootstrapper for test class [com.example.demo.UserApplicationTests] from class [org.springframework.boot.test.context.SpringBootTestContextBootstrapper]
16:13:13.546 [main] INFO org.springframework.boot.test.context.SpringBootTestContextBootstrapper - Neither @ContextConfiguration nor @ContextHierarchy found for test class [com.example.demo.UserApplicationTests], using SpringBootContextLoader
16:13:13.548 [main] DEBUG org.springframework.test.context.support.AbstractContextLoader - Did not detect default resource location for test class [com.example.demo.UserApplicationTests]: class path resource [com/example/demo/UserApplicationTests-context.xml] does not exist
16:13:13.549 [main] DEBUG org.springframework.test.context.support.AbstractContextLoader - Did not detect default resource location for test class [com.example.demo.UserApplicationTests]: class path resource [com/example/demo/UserApplicationTestsContext.groovy] does not exist
16:13:13.549 [main] INFO org.springframework.test.context.support.AbstractContextLoader - Could not detect default resource locations for test class [com.example.demo.UserApplicationTests]: no resource found for suffixes {-context.xml, Context.groovy}.
16:13:13.549 [main] INFO org.springframework.test.context.support.AnnotationConfigContextLoaderUtils - Could not detect default configuration classes for test class [com.example.demo.UserApplicationTests]: UserApplicationTests does not declare any static, non-private, non-final, nested classes annotated with @Configuration.
16:13:13.601 [main] DEBUG org.springframework.test.context.support.ActiveProfilesUtils - Could not find an 'annotation declaring class' for annotation type [org.springframework.test.context.ActiveProfiles] and class [com.example.demo.UserApplicationTests]
16:13:13.606 [main] DEBUG org.springframework.core.env.StandardEnvironment - Adding PropertySource 'systemProperties' with lowest search precedence
16:13:13.607 [main] DEBUG org.springframework.core.env.StandardEnvironment - Adding PropertySource 'systemEnvironment' with lowest search precedence
16:13:13.607 [main] DEBUG org.springframework.core.env.StandardEnvironment - Initialized StandardEnvironment with PropertySources [MapPropertySource@1545242146 {name='systemProperties', properties={java.runtime.name=Java(TM) SE Runtime Environment, sun.boot.library.path=D:\jdk1.8\jre\bin, java.vm.version=25.181-b13, java.vm.vendor=Oracle Corporation, java.vendor.url=http://java.oracle.com/, path.separator=;, java.vm.name=Java HotSpot(TM) 64-Bit Server VM, file.encoding.pkg=sun.io, user.country=CN, user.script=, sun.java.launcher=SUN_STANDARD, sun.os.patch.level=, java.vm.specification.name=Java Virtual Machine Specification, user.dir=D:\eclipse-workspace\com.my.springcloud\my-spring-user, java.runtime.version=1.8.0_181-b13, basedir=D:\eclipse-workspace\com.my.springcloud\my-spring-user, java.awt.graphicsenv=sun.awt.Win32GraphicsEnvironment, java.endorsed.dirs=D:\jdk1.8\jre\lib\endorsed, os.arch=amd64, surefire.real.class.path=C:\Users\95303\AppData\Local\Temp\surefire2636418665895738365\surefirebooter4190118888743542800.jar, java.io.tmpdir=C:\Users\95303\AppData\Local\Temp\, line.separator=
, java.vm.specification.vendor=Oracle Corporation, user.variant=, os.name=Windows 10, sun.jnu.encoding=GBK, java.library.path=D:\jdk1.8\jre\bin;C:\WINDOWS\Sun\Java\bin;C:\WINDOWS\system32;C:\WINDOWS;C:/Program Files/Java/jre1.8.0_181/bin/server;C:/Program Files/Java/jre1.8.0_181/bin;C:/Program Files/Java/jre1.8.0_181/lib/amd64;C:\Program Files (x86)\Common Files\Oracle\Java\javapath;C:\Program Files (x86)\Intel\Intel(R) Management Engine Components\iCLS\;C:\Program Files\Intel\Intel(R) Management Engine Components\iCLS\;C:\Windows\system32;C:\Windows;C:\Windows\System32\Wbem;C:\Windows\System32\WindowsPowerShell\v1.0\;C:\Program Files (x86)\NVIDIA Corporation\PhysX\Common;C:\Program Files (x86)\Intel\Intel(R) Management Engine Components\DAL;C:\Program Files\Intel\Intel(R) Management Engine Components\DAL;C:\Program Files (x86)\Intel\Intel(R) Management Engine Components\IPT;C:\Program Files\Intel\Intel(R) Management Engine Components\IPT;C:\Program Files\Intel\WiFi\bin\;C:\Program Files\Common Files\Intel\WirelessCommon\;D:\jdk1.8\bin;D:\maven\apache-maven-3.5.4-bin\apache-maven-3.5.4\bin;D:\mysql-8.0.12-winx64\bin;D:\Git\bin;D:\TortoiseGit\bin;D:\ VS Code\bin;D:\nodejs\;C:\Program Files\MySQL\MySQL Server 8.0\bin;C:\WINDOWS\system32;C:\WINDOWS;C:\WINDOWS\System32\Wbem;C:\WINDOWS\System32\WindowsPowerShell\v1.0\;C:\WINDOWS\System32\OpenSSH\;D:\RabbitMQ Server\rabbitmq_server-3.7.7\sbin;C:\Users\95303\AppData\Local\Microsoft\WindowsApps;C:\Users\95303\AppData\Roaming\npm;;D:\eclipse\eclipse;;., surefire.test.class.path=D:\eclipse-workspace\com.my.springcloud\my-spring-user\target\test-classes;D:\eclipse-workspace\com.my.springcloud\my-spring-user\target\classes;D:\maven\mavenReq\junit\junit\4.12\junit-4.12.jar;D:\maven\mavenReq\org\hamcrest\hamcrest-core\1.3\hamcrest-core-1.3.jar;D:\maven\mavenReq\org\projectlombok\lombok\1.16.22\lombok-1.16.22.jar;D:\maven\mavenReq\org\springframework\boot\spring-boot-starter-web\2.0.3.RELEASE\spring-boot-starter-web-2.0.3.RELEASE.jar;D:\maven\mavenReq\org\springframework\boot\spring-boot-starter\2.0.3.RELEASE\spring-boot-starter-2.0.3.RELEASE.jar;D:\maven\mavenReq\org\springframework\boot\spring-boot\2.0.3.RELEASE\spring-boot-2.0.3.RELEASE.jar;D:\maven\mavenReq\org\springframework\boot\spring-boot-autoconfigure\2.0.3.RELEASE\spring-boot-autoconfigure-2.0.3.RELEASE.jar;D:\maven\mavenReq\org\springframework\boot\spring-boot-starter-logging\2.0.3.RELEASE\spring-boot-starter-logging-2.0.3.RELEASE.jar;D:\maven\mavenReq\ch\qos\logback\logback-classic\1.2.3\logback-classic-1.2.3.jar;D:\maven\mavenReq\ch\qos\logback\logback-core\1.2.3\logback-core-1.2.3.jar;D:\maven\mavenReq\org\apache\logging\log4j\log4j-to-slf4j\2.10.0\log4j-to-slf4j-2.10.0.jar;D:\maven\mavenReq\org\apache\logging\log4j\log4j-api\2.10.0\log4j-api-2.10.0.jar;D:\maven\mavenReq\org\slf4j\jul-to-slf4j\1.7.25\jul-to-slf4j-1.7.25.jar;D:\maven\mavenReq\javax\annotation\javax.annotation-api\1.3.2\javax.annotation-api-1.3.2.jar;D:\maven\mavenReq\org\yaml\snakeyaml\1.19\snakeyaml-1.19.jar;D:\maven\mavenReq\org\springframework\boot\spring-boot-starter-json\2.0.3.RELEASE\spring-boot-starter-json-2.0.3.RELEASE.jar;D:\maven\mavenReq\com\fasterxml\jackson\datatype\jackson-datatype-jdk8\2.9.6\jackson-datatype-jdk8-2.9.6.jar;D:\maven\mavenReq\com\fasterxml\jackson\datatype\jackson-datatype-jsr310\2.9.6\jackson-datatype-jsr310-2.9.6.jar;D:\maven\mavenReq\com\fasterxml\jackson\module\jackson-module-parameter-names\2.9.6\jackson-module-parameter-names-2.9.6.jar;D:\maven\mavenReq\org\springframework\boot\spring-boot-starter-tomcat\2.0.3.RELEASE\spring-boot-starter-tomcat-2.0.3.RELEASE.jar;D:\maven\mavenReq\org\apache\tomcat\embed\tomcat-embed-core\8.5.31\tomcat-embed-core-8.5.31.jar;D:\maven\mavenReq\org\apache\tomcat\embed\tomcat-embed-el\8.5.31\tomcat-embed-el-8.5.31.jar;D:\maven\mavenReq\org\apache\tomcat\embed\tomcat-embed-websocket\8.5.31\tomcat-embed-websocket-8.5.31.jar;D:\maven\mavenReq\org\hibernate\validator\hibernate-validator\6.0.10.Final\hibernate-validator-6.0.10.Final.jar;D:\maven\mavenReq\javax\validation\validation-api\2.0.1.Final\validation-api-2.0.1.Final.jar;D:\maven\mavenReq\org\jboss\logging\jboss-logging\3.3.2.Final\jboss-logging-3.3.2.Final.jar;D:\maven\mavenReq\com\fasterxml\classmate\1.3.4\classmate-1.3.4.jar;D:\maven\mavenReq\org\springframework\spring-web\5.0.7.RELEASE\spring-web-5.0.7.RELEASE.jar;D:\maven\mavenReq\org\springframework\spring-beans\5.0.7.RELEASE\spring-beans-5.0.7.RELEASE.jar;D:\maven\mavenReq\org\springframework\spring-webmvc\5.0.7.RELEASE\spring-webmvc-5.0.7.RELEASE.jar;D:\maven\mavenReq\org\springframework\spring-aop\5.0.7.RELEASE\spring-aop-5.0.7.RELEASE.jar;D:\maven\mavenReq\org\springframework\spring-context\5.0.7.RELEASE\spring-context-5.0.7.RELEASE.jar;D:\maven\mavenReq\org\springframework\spring-expression\5.0.7.RELEASE\spring-expression-5.0.7.RELEASE.jar;D:\maven\mavenReq\org\springframework\cloud\spring-cloud-starter-config\2.0.1.RELEASE\spring-cloud-starter-config-2.0.1.RELEASE.jar;D:\maven\mavenReq\org\springframework\cloud\spring-cloud-starter\2.0.1.RELEASE\spring-cloud-starter-2.0.1.RELEASE.jar;D:\maven\mavenReq\org\springframework\cloud\spring-cloud-context\2.0.1.RELEASE\spring-cloud-context-2.0.1.RELEASE.jar;D:\maven\mavenReq\org\springframework\security\spring-security-rsa\1.0.5.RELEASE\spring-security-rsa-1.0.5.RELEASE.jar;D:\maven\mavenReq\org\bouncycastle\bcpkix-jdk15on\1.56\bcpkix-jdk15on-1.56.jar;D:\maven\mavenReq\org\bouncycastle\bcprov-jdk15on\1.56\bcprov-jdk15on-1.56.jar;D:\maven\mavenReq\org\springframework\cloud\spring-cloud-config-client\2.0.1.RELEASE\spring-cloud-config-client-2.0.1.RELEASE.jar;D:\maven\mavenReq\com\fasterxml\jackson\core\jackson-annotations\2.9.0\jackson-annotations-2.9.0.jar;D:\maven\mavenReq\com\fasterxml\jackson\core\jackson-databind\2.9.6\jackson-databind-2.9.6.jar;D:\maven\mavenReq\com\fasterxml\jackson\core\jackson-core\2.9.6\jackson-core-2.9.6.jar;D:\maven\mavenReq\org\springframework\boot\spring-boot-starter-test\2.0.3.RELEASE\spring-boot-starter-test-2.0.3.RELEASE.jar;D:\maven\mavenReq\org\springframework\boot\spring-boot-test\2.0.3.RELEASE\spring-boot-test-2.0.3.RELEASE.jar;D:\maven\mavenReq\org\springframework\boot\spring-boot-test-autoconfigure\2.0.3.RELEASE\spring-boot-test-autoconfigure-2.0.3.RELEASE.jar;D:\maven\mavenReq\com\jayway\jsonpath\json-path\2.4.0\json-path-2.4.0.jar;D:\maven\mavenReq\net\minidev\json-smart\2.3\json-smart-2.3.jar;D:\maven\mavenReq\net\minidev\accessors-smart\1.2\accessors-smart-1.2.jar;D:\maven\mavenReq\org\slf4j\slf4j-api\1.7.25\slf4j-api-1.7.25.jar;D:\maven\mavenReq\org\assertj\assertj-core\3.9.1\assertj-core-3.9.1.jar;D:\maven\mavenReq\org\mockito\mockito-core\2.15.0\mockito-core-2.15.0.jar;D:\maven\mavenReq\net\bytebuddy\byte-buddy\1.7.11\byte-buddy-1.7.11.jar;D:\maven\mavenReq\net\bytebuddy\byte-buddy-agent\1.7.11\byte-buddy-agent-1.7.11.jar;D:\maven\mavenReq\org\objenesis\objenesis\2.6\objenesis-2.6.jar;D:\maven\mavenReq\org\hamcrest\hamcrest-library\1.3\hamcrest-library-1.3.jar;D:\maven\mavenReq\org\skyscreamer\jsonassert\1.5.0\jsonassert-1.5.0.jar;D:\maven\mavenReq\com\vaadin\external\google\android-json\0.0.20131108.vaadin1\android-json-0.0.20131108.vaadin1.jar;D:\maven\mavenReq\org\springframework\spring-core\5.0.7.RELEASE\spring-core-5.0.7.RELEASE.jar;D:\maven\mavenReq\org\springframework\spring-jcl\5.0.7.RELEASE\spring-jcl-5.0.7.RELEASE.jar;D:\maven\mavenReq\org\springframework\spring-test\5.0.7.RELEASE\spring-test-5.0.7.RELEASE.jar;D:\maven\mavenReq\org\xmlunit\xmlunit-core\2.5.1\xmlunit-core-2.5.1.jar;D:\maven\mavenReq\org\springframework\cloud\spring-cloud-starter-netflix-eureka-client\2.0.0.RELEASE\spring-cloud-starter-netflix-eureka-client-2.0.0.RELEASE.jar;D:\maven\mavenReq\org\springframework\cloud\spring-cloud-netflix-core\2.0.0.RELEASE\spring-cloud-netflix-core-2.0.0.RELEASE.jar;D:\maven\mavenReq\org\springframework\boot\spring-boot-starter-aop\2.0.3.RELEASE\spring-boot-starter-aop-2.0.3.RELEASE.jar;D:\maven\mavenReq\org\springframework\cloud\spring-cloud-netflix-eureka-client\2.0.0.RELEASE\spring-cloud-netflix-eureka-client-2.0.0.RELEASE.jar;D:\maven\mavenReq\com\netflix\eureka\eureka-client\1.9.2\eureka-client-1.9.2.jar;D:\maven\mavenReq\org\codehaus\jettison\jettison\1.3.7\jettison-1.3.7.jar;D:\maven\mavenReq\stax\stax-api\1.0.1\stax-api-1.0.1.jar;D:\maven\mavenReq\com\netflix\netflix-commons\netflix-eventbus\0.3.0\netflix-eventbus-0.3.0.jar;D:\maven\mavenReq\com\netflix\netflix-commons\netflix-infix\0.3.0\netflix-infix-0.3.0.jar;D:\maven\mavenReq\commons-jxpath\commons-jxpath\1.3\commons-jxpath-1.3.jar;D:\maven\mavenReq\joda-time\joda-time\2.9.9\joda-time-2.9.9.jar;D:\maven\mavenReq\org\antlr\antlr-runtime\3.4\antlr-runtime-3.4.jar;D:\maven\mavenReq\org\antlr\stringtemplate\3.2.1\stringtemplate-3.2.1.jar;D:\maven\mavenReq\antlr\antlr\2.7.7\antlr-2.7.7.jar;D:\maven\mavenReq\com\google\code\gson\gson\2.8.5\gson-2.8.5.jar;D:\maven\mavenReq\org\apache\commons\commons-math\2.2\commons-math-2.2.jar;D:\maven\mavenReq\com\netflix\archaius\archaius-core\0.7.6\archaius-core-0.7.6.jar;D:\maven\mavenReq\javax\ws\rs\jsr311-api\1.1.1\jsr311-api-1.1.1.jar;D:\maven\mavenReq\com\netflix\servo\servo-core\0.12.21\servo-core-0.12.21.jar;D:\maven\mavenReq\com\sun\jersey\jersey-core\1.19.1\jersey-core-1.19.1.jar;D:\maven\mavenReq\com\sun\jersey\jersey-client\1.19.1\jersey-client-1.19.1.jar;D:\maven\mavenReq\com\sun\jersey\contribs\jersey-apache-client4\1.19.1\jersey-apache-client4-1.19.1.jar;D:\maven\mavenReq\org\apache\httpcomponents\httpclient\4.5.5\httpclient-4.5.5.jar;D:\maven\mavenReq\org\apache\httpcomponents\httpcore\4.4.9\httpcore-4.4.9.jar;D:\maven\mavenReq\commons-codec\commons-codec\1.11\commons-codec-1.11.jar;D:\maven\mavenReq\com\google\inject\guice\4.1.0\guice-4.1.0.jar;D:\maven\mavenReq\aopalliance\aopalliance\1.0\aopalliance-1.0.jar;D:\maven\mavenReq\com\github\vlsi\compactmap\compactmap\1.2.1\compactmap-1.2.1.jar;D:\maven\mavenReq\com\github\andrewoma\dexx\dexx-collections\0.2\dexx-collections-0.2.jar;D:\maven\mavenReq\com\netflix\eureka\eureka-core\1.9.2\eureka-core-1.9.2.jar;D:\maven\mavenReq\org\codehaus\woodstox\woodstox-core-asl\4.4.1\woodstox-core-asl-4.4.1.jar;D:\maven\mavenReq\javax\xml\stream\stax-api\1.0-2\stax-api-1.0-2.jar;D:\maven\mavenReq\org\codehaus\woodstox\stax2-api\3.1.4\stax2-api-3.1.4.jar;D:\maven\mavenReq\org\springframework\cloud\spring-cloud-starter-netflix-archaius\2.0.0.RELEASE\spring-cloud-starter-netflix-archaius-2.0.0.RELEASE.jar;D:\maven\mavenReq\org\springframework\cloud\spring-cloud-netflix-archaius\2.0.0.RELEASE\spring-cloud-netflix-archaius-2.0.0.RELEASE.jar;D:\maven\mavenReq\commons-configuration\commons-configuration\1.8\commons-configuration-1.8.jar;D:\maven\mavenReq\com\netflix\ribbon\ribbon-eureka\2.2.5\ribbon-eureka-2.2.5.jar;D:\maven\mavenReq\com\thoughtworks\xstream\xstream\1.4.10\xstream-1.4.10.jar;D:\maven\mavenReq\xmlpull\xmlpull\1.1.3.1\xmlpull-1.1.3.1.jar;D:\maven\mavenReq\xpp3\xpp3_min\1.1.4c\xpp3_min-1.1.4c.jar;D:\maven\mavenReq\org\springframework\cloud\spring-cloud-starter-bus-amqp\2.0.0.RELEASE\spring-cloud-starter-bus-amqp-2.0.0.RELEASE.jar;D:\maven\mavenReq\org\springframework\cloud\spring-cloud-starter-stream-rabbit\2.0.0.RELEASE\spring-cloud-starter-stream-rabbit-2.0.0.RELEASE.jar;D:\maven\mavenReq\org\springframework\cloud\spring-cloud-stream-binder-rabbit\2.0.0.RELEASE\spring-cloud-stream-binder-rabbit-2.0.0.RELEASE.jar;D:\maven\mavenReq\org\springframework\cloud\spring-cloud-stream-binder-rabbit-core\2.0.0.RELEASE\spring-cloud-stream-binder-rabbit-core-2.0.0.RELEASE.jar;D:\maven\mavenReq\org\springframework\boot\spring-boot-starter-amqp\2.0.3.RELEASE\spring-boot-starter-amqp-2.0.3.RELEASE.jar;D:\maven\mavenReq\org\springframework\amqp\spring-rabbit\2.0.4.RELEASE\spring-rabbit-2.0.4.RELEASE.jar;D:\maven\mavenReq\org\springframework\amqp\spring-amqp\2.0.4.RELEASE\spring-amqp-2.0.4.RELEASE.jar;D:\maven\mavenReq\com\rabbitmq\amqp-client\5.1.2\amqp-client-5.1.2.jar;D:\maven\mavenReq\org\springframework\integration\spring-integration-amqp\5.0.6.RELEASE\spring-integration-amqp-5.0.6.RELEASE.jar;D:\maven\mavenReq\org\springframework\integration\spring-integration-jmx\5.0.6.RELEASE\spring-integration-jmx-5.0.6.RELEASE.jar;D:\maven\mavenReq\org\springframework\cloud\spring-cloud-bus\2.0.0.RELEASE\spring-cloud-bus-2.0.0.RELEASE.jar;D:\maven\mavenReq\org\springframework\cloud\spring-cloud-stream\2.0.0.RELEASE\spring-cloud-stream-2.0.0.RELEASE.jar;D:\maven\mavenReq\org\springframework\boot\spring-boot-starter-validation\2.0.3.RELEASE\spring-boot-starter-validation-2.0.3.RELEASE.jar;D:\maven\mavenReq\org\springframework\spring-messaging\5.0.7.RELEASE\spring-messaging-5.0.7.RELEASE.jar;D:\maven\mavenReq\org\springframework\spring-tuple\1.0.0.RELEASE\spring-tuple-1.0.0.RELEASE.jar;D:\maven\mavenReq\com\esotericsoftware\kryo-shaded\3.0.3\kryo-shaded-3.0.3.jar;D:\maven\mavenReq\com\esotericsoftware\minlog\1.3.0\minlog-1.3.0.jar;D:\maven\mavenReq\org\springframework\integration\spring-integration-tuple\1.0.0.RELEASE\spring-integration-tuple-1.0.0.RELEASE.jar;D:\maven\mavenReq\org\springframework\retry\spring-retry\1.2.2.RELEASE\spring-retry-1.2.2.RELEASE.jar;D:\maven\mavenReq\org\springframework\integration\spring-integration-core\5.0.6.RELEASE\spring-integration-core-5.0.6.RELEASE.jar;D:\maven\mavenReq\org\springframework\spring-tx\5.0.7.RELEASE\spring-tx-5.0.7.RELEASE.jar;D:\maven\mavenReq\io\projectreactor\reactor-core\3.1.8.RELEASE\reactor-core-3.1.8.RELEASE.jar;D:\maven\mavenReq\org\springframework\boot\spring-boot-starter-actuator\2.0.3.RELEASE\spring-boot-starter-actuator-2.0.3.RELEASE.jar;D:\maven\mavenReq\org\springframework\boot\spring-boot-actuator-autoconfigure\2.0.3.RELEASE\spring-boot-actuator-autoconfigure-2.0.3.RELEASE.jar;D:\maven\mavenReq\org\springframework\boot\spring-boot-actuator\2.0.3.RELEASE\spring-boot-actuator-2.0.3.RELEASE.jar;D:\maven\mavenReq\io\micrometer\micrometer-core\1.0.5\micrometer-core-1.0.5.jar;D:\maven\mavenReq\org\hdrhistogram\HdrHistogram\2.1.10\HdrHistogram-2.1.10.jar;D:\maven\mavenReq\org\latencyutils\LatencyUtils\2.0.3\LatencyUtils-2.0.3.jar;D:\maven\mavenReq\org\springframework\cloud\spring-cloud-starter-openfeign\2.0.0.RELEASE\spring-cloud-starter-openfeign-2.0.0.RELEASE.jar;D:\maven\mavenReq\org\springframework\cloud\spring-cloud-openfeign-core\2.0.0.RELEASE\spring-cloud-openfeign-core-2.0.0.RELEASE.jar;D:\maven\mavenReq\org\springframework\cloud\spring-cloud-commons\2.0.0.RELEASE\spring-cloud-commons-2.0.0.RELEASE.jar;D:\maven\mavenReq\org\springframework\security\spring-security-crypto\5.0.6.RELEASE\spring-security-crypto-5.0.6.RELEASE.jar;D:\maven\mavenReq\io\github\openfeign\feign-core\9.5.1\feign-core-9.5.1.jar;D:\maven\mavenReq\io\github\openfeign\feign-slf4j\9.5.1\feign-slf4j-9.5.1.jar;D:\maven\mavenReq\io\github\openfeign\feign-hystrix\9.5.1\feign-hystrix-9.5.1.jar;D:\maven\mavenReq\io\github\openfeign\feign-java8\9.5.1\feign-java8-9.5.1.jar;D:\maven\mavenReq\org\springframework\cloud\spring-cloud-starter-netflix-hystrix\2.0.0.RELEASE\spring-cloud-starter-netflix-hystrix-2.0.0.RELEASE.jar;D:\maven\mavenReq\org\springframework\cloud\spring-cloud-netflix-ribbon\2.0.0.RELEASE\spring-cloud-netflix-ribbon-2.0.0.RELEASE.jar;D:\maven\mavenReq\com\netflix\hystrix\hystrix-core\1.5.12\hystrix-core-1.5.12.jar;D:\maven\mavenReq\com\netflix\hystrix\hystrix-serialization\1.5.12\hystrix-serialization-1.5.12.jar;D:\maven\mavenReq\com\fasterxml\jackson\module\jackson-module-afterburner\2.9.6\jackson-module-afterburner-2.9.6.jar;D:\maven\mavenReq\com\netflix\hystrix\hystrix-metrics-event-stream\1.5.12\hystrix-metrics-event-stream-1.5.12.jar;D:\maven\mavenReq\com\netflix\hystrix\hystrix-javanica\1.5.12\hystrix-javanica-1.5.12.jar;D:\maven\mavenReq\org\apache\commons\commons-lang3\3.7\commons-lang3-3.7.jar;D:\maven\mavenReq\org\ow2\asm\asm\5.0.4\asm-5.0.4.jar;D:\maven\mavenReq\org\aspectj\aspectjweaver\1.8.13\aspectjweaver-1.8.13.jar;D:\maven\mavenReq\com\google\guava\guava\15.0\guava-15.0.jar;D:\maven\mavenReq\io\reactivex\rxjava-reactive-streams\1.2.1\rxjava-reactive-streams-1.2.1.jar;D:\maven\mavenReq\org\reactivestreams\reactive-streams\1.0.2\reactive-streams-1.0.2.jar;D:\maven\mavenReq\org\springframework\cloud\spring-cloud-starter-netflix-ribbon\2.0.0.RELEASE\spring-cloud-starter-netflix-ribbon-2.0.0.RELEASE.jar;D:\maven\mavenReq\com\netflix\ribbon\ribbon\2.2.5\ribbon-2.2.5.jar;D:\maven\mavenReq\com\netflix\ribbon\ribbon-transport\2.2.5\ribbon-transport-2.2.5.jar;D:\maven\mavenReq\io\reactivex\rxnetty-contexts\0.4.9\rxnetty-contexts-0.4.9.jar;D:\maven\mavenReq\io\reactivex\rxnetty-servo\0.4.9\rxnetty-servo-0.4.9.jar;D:\maven\mavenReq\javax\inject\javax.inject\1\javax.inject-1.jar;D:\maven\mavenReq\io\reactivex\rxnetty\0.4.9\rxnetty-0.4.9.jar;D:\maven\mavenReq\io\netty\netty-codec-http\4.1.25.Final\netty-codec-http-4.1.25.Final.jar;D:\maven\mavenReq\io\netty\netty-codec\4.1.25.Final\netty-codec-4.1.25.Final.jar;D:\maven\mavenReq\io\netty\netty-transport-native-epoll\4.1.25.Final\netty-transport-native-epoll-4.1.25.Final.jar;D:\maven\mavenReq\io\netty\netty-common\4.1.25.Final\netty-common-4.1.25.Final.jar;D:\maven\mavenReq\io\netty\netty-buffer\4.1.25.Final\netty-buffer-4.1.25.Final.jar;D:\maven\mavenReq\io\netty\netty-transport-native-unix-common\4.1.25.Final\netty-transport-native-unix-common-4.1.25.Final.jar;D:\maven\mavenReq\io\netty\netty-transport\4.1.25.Final\netty-transport-4.1.25.Final.jar;D:\maven\mavenReq\io\netty\netty-resolver\4.1.25.Final\netty-resolver-4.1.25.Final.jar;D:\maven\mavenReq\com\netflix\ribbon\ribbon-core\2.2.5\ribbon-core-2.2.5.jar;D:\maven\mavenReq\commons-lang\commons-lang\2.6\commons-lang-2.6.jar;D:\maven\mavenReq\com\netflix\ribbon\ribbon-httpclient\2.2.5\ribbon-httpclient-2.2.5.jar;D:\maven\mavenReq\commons-collections\commons-collections\3.2.2\commons-collections-3.2.2.jar;D:\maven\mavenReq\com\netflix\netflix-commons\netflix-commons-util\0.1.1\netflix-commons-util-0.1.1.jar;D:\maven\mavenReq\com\netflix\ribbon\ribbon-loadbalancer\2.2.5\ribbon-loadbalancer-2.2.5.jar;D:\maven\mavenReq\com\netflix\netflix-commons\netflix-statistics\0.1.1\netflix-statistics-0.1.1.jar;D:\maven\mavenReq\io\reactivex\rxjava\1.3.8\rxjava-1.3.8.jar;, java.specification.name=Java Platform API Specification, java.class.version=52.0, sun.management.compiler=HotSpot 64-Bit Tiered Compilers, os.version=10.0, user.home=C:\Users\95303, user.timezone=Asia/Shanghai, java.awt.printerjob=sun.awt.windows.WPrinterJob, file.encoding=GBK, java.specification.version=1.8, java.class.path=D:\eclipse-workspace\com.my.springcloud\my-spring-user\target\test-classes;D:\eclipse-workspace\com.my.springcloud\my-spring-user\target\classes;D:\maven\mavenReq\junit\junit\4.12\junit-4.12.jar;D:\maven\mavenReq\org\hamcrest\hamcrest-core\1.3\hamcrest-core-1.3.jar;D:\maven\mavenReq\org\projectlombok\lombok\1.16.22\lombok-1.16.22.jar;D:\maven\mavenReq\org\springframework\boot\spring-boot-starter-web\2.0.3.RELEASE\spring-boot-starter-web-2.0.3.RELEASE.jar;D:\maven\mavenReq\org\springframework\boot\spring-boot-starter\2.0.3.RELEASE\spring-boot-starter-2.0.3.RELEASE.jar;D:\maven\mavenReq\org\springframework\boot\spring-boot\2.0.3.RELEASE\spring-boot-2.0.3.RELEASE.jar;D:\maven\mavenReq\org\springframework\boot\spring-boot-autoconfigure\2.0.3.RELEASE\spring-boot-autoconfigure-2.0.3.RELEASE.jar;D:\maven\mavenReq\org\springframework\boot\spring-boot-starter-logging\2.0.3.RELEASE\spring-boot-starter-logging-2.0.3.RELEASE.jar;D:\maven\mavenReq\ch\qos\logback\logback-classic\1.2.3\logback-classic-1.2.3.jar;D:\maven\mavenReq\ch\qos\logback\logback-core\1.2.3\logback-core-1.2.3.jar;D:\maven\mavenReq\org\apache\logging\log4j\log4j-to-slf4j\2.10.0\log4j-to-slf4j-2.10.0.jar;D:\maven\mavenReq\org\apache\logging\log4j\log4j-api\2.10.0\log4j-api-2.10.0.jar;D:\maven\mavenReq\org\slf4j\jul-to-slf4j\1.7.25\jul-to-slf4j-1.7.25.jar;D:\maven\mavenReq\javax\annotation\javax.annotation-api\1.3.2\javax.annotation-api-1.3.2.jar;D:\maven\mavenReq\org\yaml\snakeyaml\1.19\snakeyaml-1.19.jar;D:\maven\mavenReq\org\springframework\boot\spring-boot-starter-json\2.0.3.RELEASE\spring-boot-starter-json-2.0.3.RELEASE.jar;D:\maven\mavenReq\com\fasterxml\jackson\datatype\jackson-datatype-jdk8\2.9.6\jackson-datatype-jdk8-2.9.6.jar;D:\maven\mavenReq\com\fasterxml\jackson\datatype\jackson-datatype-jsr310\2.9.6\jackson-datatype-jsr310-2.9.6.jar;D:\maven\mavenReq\com\fasterxml\jackson\module\jackson-module-parameter-names\2.9.6\jackson-module-parameter-names-2.9.6.jar;D:\maven\mavenReq\org\springframework\boot\spring-boot-starter-tomcat\2.0.3.RELEASE\spring-boot-starter-tomcat-2.0.3.RELEASE.jar;D:\maven\mavenReq\org\apache\tomcat\embed\tomcat-embed-core\8.5.31\tomcat-embed-core-8.5.31.jar;D:\maven\mavenReq\org\apache\tomcat\embed\tomcat-embed-el\8.5.31\tomcat-embed-el-8.5.31.jar;D:\maven\mavenReq\org\apache\tomcat\embed\tomcat-embed-websocket\8.5.31\tomcat-embed-websocket-8.5.31.jar;D:\maven\mavenReq\org\hibernate\validator\hibernate-validator\6.0.10.Final\hibernate-validator-6.0.10.Final.jar;D:\maven\mavenReq\javax\validation\validation-api\2.0.1.Final\validation-api-2.0.1.Final.jar;D:\maven\mavenReq\org\jboss\logging\jboss-logging\3.3.2.Final\jboss-logging-3.3.2.Final.jar;D:\maven\mavenReq\com\fasterxml\classmate\1.3.4\classmate-1.3.4.jar;D:\maven\mavenReq\org\springframework\spring-web\5.0.7.RELEASE\spring-web-5.0.7.RELEASE.jar;D:\maven\mavenReq\org\springframework\spring-beans\5.0.7.RELEASE\spring-beans-5.0.7.RELEASE.jar;D:\maven\mavenReq\org\springframework\spring-webmvc\5.0.7.RELEASE\spring-webmvc-5.0.7.RELEASE.jar;D:\maven\mavenReq\org\springframework\spring-aop\5.0.7.RELEASE\spring-aop-5.0.7.RELEASE.jar;D:\maven\mavenReq\org\springframework\spring-context\5.0.7.RELEASE\spring-context-5.0.7.RELEASE.jar;D:\maven\mavenReq\org\springframework\spring-expression\5.0.7.RELEASE\spring-expression-5.0.7.RELEASE.jar;D:\maven\mavenReq\org\springframework\cloud\spring-cloud-starter-config\2.0.1.RELEASE\spring-cloud-starter-config-2.0.1.RELEASE.jar;D:\maven\mavenReq\org\springframework\cloud\spring-cloud-starter\2.0.1.RELEASE\spring-cloud-starter-2.0.1.RELEASE.jar;D:\maven\mavenReq\org\springframework\cloud\spring-cloud-context\2.0.1.RELEASE\spring-cloud-context-2.0.1.RELEASE.jar;D:\maven\mavenReq\org\springframework\security\spring-security-rsa\1.0.5.RELEASE\spring-security-rsa-1.0.5.RELEASE.jar;D:\maven\mavenReq\org\bouncycastle\bcpkix-jdk15on\1.56\bcpkix-jdk15on-1.56.jar;D:\maven\mavenReq\org\bouncycastle\bcprov-jdk15on\1.56\bcprov-jdk15on-1.56.jar;D:\maven\mavenReq\org\springframework\cloud\spring-cloud-config-client\2.0.1.RELEASE\spring-cloud-config-client-2.0.1.RELEASE.jar;D:\maven\mavenReq\com\fasterxml\jackson\core\jackson-annotations\2.9.0\jackson-annotations-2.9.0.jar;D:\maven\mavenReq\com\fasterxml\jackson\core\jackson-databind\2.9.6\jackson-databind-2.9.6.jar;D:\maven\mavenReq\com\fasterxml\jackson\core\jackson-core\2.9.6\jackson-core-2.9.6.jar;D:\maven\mavenReq\org\springframework\boot\spring-boot-starter-test\2.0.3.RELEASE\spring-boot-starter-test-2.0.3.RELEASE.jar;D:\maven\mavenReq\org\springframework\boot\spring-boot-test\2.0.3.RELEASE\spring-boot-test-2.0.3.RELEASE.jar;D:\maven\mavenReq\org\springframework\boot\spring-boot-test-autoconfigure\2.0.3.RELEASE\spring-boot-test-autoconfigure-2.0.3.RELEASE.jar;D:\maven\mavenReq\com\jayway\jsonpath\json-path\2.4.0\json-path-2.4.0.jar;D:\maven\mavenReq\net\minidev\json-smart\2.3\json-smart-2.3.jar;D:\maven\mavenReq\net\minidev\accessors-smart\1.2\accessors-smart-1.2.jar;D:\maven\mavenReq\org\slf4j\slf4j-api\1.7.25\slf4j-api-1.7.25.jar;D:\maven\mavenReq\org\assertj\assertj-core\3.9.1\assertj-core-3.9.1.jar;D:\maven\mavenReq\org\mockito\mockito-core\2.15.0\mockito-core-2.15.0.jar;D:\maven\mavenReq\net\bytebuddy\byte-buddy\1.7.11\byte-buddy-1.7.11.jar;D:\maven\mavenReq\net\bytebuddy\byte-buddy-agent\1.7.11\byte-buddy-agent-1.7.11.jar;D:\maven\mavenReq\org\objenesis\objenesis\2.6\objenesis-2.6.jar;D:\maven\mavenReq\org\hamcrest\hamcrest-library\1.3\hamcrest-library-1.3.jar;D:\maven\mavenReq\org\skyscreamer\jsonassert\1.5.0\jsonassert-1.5.0.jar;D:\maven\mavenReq\com\vaadin\external\google\android-json\0.0.20131108.vaadin1\android-json-0.0.20131108.vaadin1.jar;D:\maven\mavenReq\org\springframework\spring-core\5.0.7.RELEASE\spring-core-5.0.7.RELEASE.jar;D:\maven\mavenReq\org\springframework\spring-jcl\5.0.7.RELEASE\spring-jcl-5.0.7.RELEASE.jar;D:\maven\mavenReq\org\springframework\spring-test\5.0.7.RELEASE\spring-test-5.0.7.RELEASE.jar;D:\maven\mavenReq\org\xmlunit\xmlunit-core\2.5.1\xmlunit-core-2.5.1.jar;D:\maven\mavenReq\org\springframework\cloud\spring-cloud-starter-netflix-eureka-client\2.0.0.RELEASE\spring-cloud-starter-netflix-eureka-client-2.0.0.RELEASE.jar;D:\maven\mavenReq\org\springframework\cloud\spring-cloud-netflix-core\2.0.0.RELEASE\spring-cloud-netflix-core-2.0.0.RELEASE.jar;D:\maven\mavenReq\org\springframework\boot\spring-boot-starter-aop\2.0.3.RELEASE\spring-boot-starter-aop-2.0.3.RELEASE.jar;D:\maven\mavenReq\org\springframework\cloud\spring-cloud-netflix-eureka-client\2.0.0.RELEASE\spring-cloud-netflix-eureka-client-2.0.0.RELEASE.jar;D:\maven\mavenReq\com\netflix\eureka\eureka-client\1.9.2\eureka-client-1.9.2.jar;D:\maven\mavenReq\org\codehaus\jettison\jettison\1.3.7\jettison-1.3.7.jar;D:\maven\mavenReq\stax\stax-api\1.0.1\stax-api-1.0.1.jar;D:\maven\mavenReq\com\netflix\netflix-commons\netflix-eventbus\0.3.0\netflix-eventbus-0.3.0.jar;D:\maven\mavenReq\com\netflix\netflix-commons\netflix-infix\0.3.0\netflix-infix-0.3.0.jar;D:\maven\mavenReq\commons-jxpath\commons-jxpath\1.3\commons-jxpath-1.3.jar;D:\maven\mavenReq\joda-time\joda-time\2.9.9\joda-time-2.9.9.jar;D:\maven\mavenReq\org\antlr\antlr-runtime\3.4\antlr-runtime-3.4.jar;D:\maven\mavenReq\org\antlr\stringtemplate\3.2.1\stringtemplate-3.2.1.jar;D:\maven\mavenReq\antlr\antlr\2.7.7\antlr-2.7.7.jar;D:\maven\mavenReq\com\google\code\gson\gson\2.8.5\gson-2.8.5.jar;D:\maven\mavenReq\org\apache\commons\commons-math\2.2\commons-math-2.2.jar;D:\maven\mavenReq\com\netflix\archaius\archaius-core\0.7.6\archaius-core-0.7.6.jar;D:\maven\mavenReq\javax\ws\rs\jsr311-api\1.1.1\jsr311-api-1.1.1.jar;D:\maven\mavenReq\com\netflix\servo\servo-core\0.12.21\servo-core-0.12.21.jar;D:\maven\mavenReq\com\sun\jersey\jersey-core\1.19.1\jersey-core-1.19.1.jar;D:\maven\mavenReq\com\sun\jersey\jersey-client\1.19.1\jersey-client-1.19.1.jar;D:\maven\mavenReq\com\sun\jersey\contribs\jersey-apache-client4\1.19.1\jersey-apache-client4-1.19.1.jar;D:\maven\mavenReq\org\apache\httpcomponents\httpclient\4.5.5\httpclient-4.5.5.jar;D:\maven\mavenReq\org\apache\httpcomponents\httpcore\4.4.9\httpcore-4.4.9.jar;D:\maven\mavenReq\commons-codec\commons-codec\1.11\commons-codec-1.11.jar;D:\maven\mavenReq\com\google\inject\guice\4.1.0\guice-4.1.0.jar;D:\maven\mavenReq\aopalliance\aopalliance\1.0\aopalliance-1.0.jar;D:\maven\mavenReq\com\github\vlsi\compactmap\compactmap\1.2.1\compactmap-1.2.1.jar;D:\maven\mavenReq\com\github\andrewoma\dexx\dexx-collections\0.2\dexx-collections-0.2.jar;D:\maven\mavenReq\com\netflix\eureka\eureka-core\1.9.2\eureka-core-1.9.2.jar;D:\maven\mavenReq\org\codehaus\woodstox\woodstox-core-asl\4.4.1\woodstox-core-asl-4.4.1.jar;D:\maven\mavenReq\javax\xml\stream\stax-api\1.0-2\stax-api-1.0-2.jar;D:\maven\mavenReq\org\codehaus\woodstox\stax2-api\3.1.4\stax2-api-3.1.4.jar;D:\maven\mavenReq\org\springframework\cloud\spring-cloud-starter-netflix-archaius\2.0.0.RELEASE\spring-cloud-starter-netflix-archaius-2.0.0.RELEASE.jar;D:\maven\mavenReq\org\springframework\cloud\spring-cloud-netflix-archaius\2.0.0.RELEASE\spring-cloud-netflix-archaius-2.0.0.RELEASE.jar;D:\maven\mavenReq\commons-configuration\commons-configuration\1.8\commons-configuration-1.8.jar;D:\maven\mavenReq\com\netflix\ribbon\ribbon-eureka\2.2.5\ribbon-eureka-2.2.5.jar;D:\maven\mavenReq\com\thoughtworks\xstream\xstream\1.4.10\xstream-1.4.10.jar;D:\maven\mavenReq\xmlpull\xmlpull\1.1.3.1\xmlpull-1.1.3.1.jar;D:\maven\mavenReq\xpp3\xpp3_min\1.1.4c\xpp3_min-1.1.4c.jar;D:\maven\mavenReq\org\springframework\cloud\spring-cloud-starter-bus-amqp\2.0.0.RELEASE\spring-cloud-starter-bus-amqp-2.0.0.RELEASE.jar;D:\maven\mavenReq\org\springframework\cloud\spring-cloud-starter-stream-rabbit\2.0.0.RELEASE\spring-cloud-starter-stream-rabbit-2.0.0.RELEASE.jar;D:\maven\mavenReq\org\springframework\cloud\spring-cloud-stream-binder-rabbit\2.0.0.RELEASE\spring-cloud-stream-binder-rabbit-2.0.0.RELEASE.jar;D:\maven\mavenReq\org\springframework\cloud\spring-cloud-stream-binder-rabbit-core\2.0.0.RELEASE\spring-cloud-stream-binder-rabbit-core-2.0.0.RELEASE.jar;D:\maven\mavenReq\org\springframework\boot\spring-boot-starter-amqp\2.0.3.RELEASE\spring-boot-starter-amqp-2.0.3.RELEASE.jar;D:\maven\mavenReq\org\springframework\amqp\spring-rabbit\2.0.4.RELEASE\spring-rabbit-2.0.4.RELEASE.jar;D:\maven\mavenReq\org\springframework\amqp\spring-amqp\2.0.4.RELEASE\spring-amqp-2.0.4.RELEASE.jar;D:\maven\mavenReq\com\rabbitmq\amqp-client\5.1.2\amqp-client-5.1.2.jar;D:\maven\mavenReq\org\springframework\integration\spring-integration-amqp\5.0.6.RELEASE\spring-integration-amqp-5.0.6.RELEASE.jar;D:\maven\mavenReq\org\springframework\integration\spring-integration-jmx\5.0.6.RELEASE\spring-integration-jmx-5.0.6.RELEASE.jar;D:\maven\mavenReq\org\springframework\cloud\spring-cloud-bus\2.0.0.RELEASE\spring-cloud-bus-2.0.0.RELEASE.jar;D:\maven\mavenReq\org\springframework\cloud\spring-cloud-stream\2.0.0.RELEASE\spring-cloud-stream-2.0.0.RELEASE.jar;D:\maven\mavenReq\org\springframework\boot\spring-boot-starter-validation\2.0.3.RELEASE\spring-boot-starter-validation-2.0.3.RELEASE.jar;D:\maven\mavenReq\org\springframework\spring-messaging\5.0.7.RELEASE\spring-messaging-5.0.7.RELEASE.jar;D:\maven\mavenReq\org\springframework\spring-tuple\1.0.0.RELEASE\spring-tuple-1.0.0.RELEASE.jar;D:\maven\mavenReq\com\esotericsoftware\kryo-shaded\3.0.3\kryo-shaded-3.0.3.jar;D:\maven\mavenReq\com\esotericsoftware\minlog\1.3.0\minlog-1.3.0.jar;D:\maven\mavenReq\org\springframework\integration\spring-integration-tuple\1.0.0.RELEASE\spring-integration-tuple-1.0.0.RELEASE.jar;D:\maven\mavenReq\org\springframework\retry\spring-retry\1.2.2.RELEASE\spring-retry-1.2.2.RELEASE.jar;D:\maven\mavenReq\org\springframework\integration\spring-integration-core\5.0.6.RELEASE\spring-integration-core-5.0.6.RELEASE.jar;D:\maven\mavenReq\org\springframework\spring-tx\5.0.7.RELEASE\spring-tx-5.0.7.RELEASE.jar;D:\maven\mavenReq\io\projectreactor\reactor-core\3.1.8.RELEASE\reactor-core-3.1.8.RELEASE.jar;D:\maven\mavenReq\org\springframework\boot\spring-boot-starter-actuator\2.0.3.RELEASE\spring-boot-starter-actuator-2.0.3.RELEASE.jar;D:\maven\mavenReq\org\springframework\boot\spring-boot-actuator-autoconfigure\2.0.3.RELEASE\spring-boot-actuator-autoconfigure-2.0.3.RELEASE.jar;D:\maven\mavenReq\org\springframework\boot\spring-boot-actuator\2.0.3.RELEASE\spring-boot-actuator-2.0.3.RELEASE.jar;D:\maven\mavenReq\io\micrometer\micrometer-core\1.0.5\micrometer-core-1.0.5.jar;D:\maven\mavenReq\org\hdrhistogram\HdrHistogram\2.1.10\HdrHistogram-2.1.10.jar;D:\maven\mavenReq\org\latencyutils\LatencyUtils\2.0.3\LatencyUtils-2.0.3.jar;D:\maven\mavenReq\org\springframework\cloud\spring-cloud-starter-openfeign\2.0.0.RELEASE\spring-cloud-starter-openfeign-2.0.0.RELEASE.jar;D:\maven\mavenReq\org\springframework\cloud\spring-cloud-openfeign-core\2.0.0.RELEASE\spring-cloud-openfeign-core-2.0.0.RELEASE.jar;D:\maven\mavenReq\org\springframework\cloud\spring-cloud-commons\2.0.0.RELEASE\spring-cloud-commons-2.0.0.RELEASE.jar;D:\maven\mavenReq\org\springframework\security\spring-security-crypto\5.0.6.RELEASE\spring-security-crypto-5.0.6.RELEASE.jar;D:\maven\mavenReq\io\github\openfeign\feign-core\9.5.1\feign-core-9.5.1.jar;D:\maven\mavenReq\io\github\openfeign\feign-slf4j\9.5.1\feign-slf4j-9.5.1.jar;D:\maven\mavenReq\io\github\openfeign\feign-hystrix\9.5.1\feign-hystrix-9.5.1.jar;D:\maven\mavenReq\io\github\openfeign\feign-java8\9.5.1\feign-java8-9.5.1.jar;D:\maven\mavenReq\org\springframework\cloud\spring-cloud-starter-netflix-hystrix\2.0.0.RELEASE\spring-cloud-starter-netflix-hystrix-2.0.0.RELEASE.jar;D:\maven\mavenReq\org\springframework\cloud\spring-cloud-netflix-ribbon\2.0.0.RELEASE\spring-cloud-netflix-ribbon-2.0.0.RELEASE.jar;D:\maven\mavenReq\com\netflix\hystrix\hystrix-core\1.5.12\hystrix-core-1.5.12.jar;D:\maven\mavenReq\com\netflix\hystrix\hystrix-serialization\1.5.12\hystrix-serialization-1.5.12.jar;D:\maven\mavenReq\com\fasterxml\jackson\module\jackson-module-afterburner\2.9.6\jackson-module-afterburner-2.9.6.jar;D:\maven\mavenReq\com\netflix\hystrix\hystrix-metrics-event-stream\1.5.12\hystrix-metrics-event-stream-1.5.12.jar;D:\maven\mavenReq\com\netflix\hystrix\hystrix-javanica\1.5.12\hystrix-javanica-1.5.12.jar;D:\maven\mavenReq\org\apache\commons\commons-lang3\3.7\commons-lang3-3.7.jar;D:\maven\mavenReq\org\ow2\asm\asm\5.0.4\asm-5.0.4.jar;D:\maven\mavenReq\org\aspectj\aspectjweaver\1.8.13\aspectjweaver-1.8.13.jar;D:\maven\mavenReq\com\google\guava\guava\15.0\guava-15.0.jar;D:\maven\mavenReq\io\reactivex\rxjava-reactive-streams\1.2.1\rxjava-reactive-streams-1.2.1.jar;D:\maven\mavenReq\org\reactivestreams\reactive-streams\1.0.2\reactive-streams-1.0.2.jar;D:\maven\mavenReq\org\springframework\cloud\spring-cloud-starter-netflix-ribbon\2.0.0.RELEASE\spring-cloud-starter-netflix-ribbon-2.0.0.RELEASE.jar;D:\maven\mavenReq\com\netflix\ribbon\ribbon\2.2.5\ribbon-2.2.5.jar;D:\maven\mavenReq\com\netflix\ribbon\ribbon-transport\2.2.5\ribbon-transport-2.2.5.jar;D:\maven\mavenReq\io\reactivex\rxnetty-contexts\0.4.9\rxnetty-contexts-0.4.9.jar;D:\maven\mavenReq\io\reactivex\rxnetty-servo\0.4.9\rxnetty-servo-0.4.9.jar;D:\maven\mavenReq\javax\inject\javax.inject\1\javax.inject-1.jar;D:\maven\mavenReq\io\reactivex\rxnetty\0.4.9\rxnetty-0.4.9.jar;D:\maven\mavenReq\io\netty\netty-codec-http\4.1.25.Final\netty-codec-http-4.1.25.Final.jar;D:\maven\mavenReq\io\netty\netty-codec\4.1.25.Final\netty-codec-4.1.25.Final.jar;D:\maven\mavenReq\io\netty\netty-transport-native-epoll\4.1.25.Final\netty-transport-native-epoll-4.1.25.Final.jar;D:\maven\mavenReq\io\netty\netty-common\4.1.25.Final\netty-common-4.1.25.Final.jar;D:\maven\mavenReq\io\netty\netty-buffer\4.1.25.Final\netty-buffer-4.1.25.Final.jar;D:\maven\mavenReq\io\netty\netty-transport-native-unix-common\4.1.25.Final\netty-transport-native-unix-common-4.1.25.Final.jar;D:\maven\mavenReq\io\netty\netty-transport\4.1.25.Final\netty-transport-4.1.25.Final.jar;D:\maven\mavenReq\io\netty\netty-resolver\4.1.25.Final\netty-resolver-4.1.25.Final.jar;D:\maven\mavenReq\com\netflix\ribbon\ribbon-core\2.2.5\ribbon-core-2.2.5.jar;D:\maven\mavenReq\commons-lang\commons-lang\2.6\commons-lang-2.6.jar;D:\maven\mavenReq\com\netflix\ribbon\ribbon-httpclient\2.2.5\ribbon-httpclient-2.2.5.jar;D:\maven\mavenReq\commons-collections\commons-collections\3.2.2\commons-collections-3.2.2.jar;D:\maven\mavenReq\com\netflix\netflix-commons\netflix-commons-util\0.1.1\netflix-commons-util-0.1.1.jar;D:\maven\mavenReq\com\netflix\ribbon\ribbon-loadbalancer\2.2.5\ribbon-loadbalancer-2.2.5.jar;D:\maven\mavenReq\com\netflix\netflix-commons\netflix-statistics\0.1.1\netflix-statistics-0.1.1.jar;D:\maven\mavenReq\io\reactivex\rxjava\1.3.8\rxjava-1.3.8.jar;, user.name=刘彦军, java.vm.specification.version=1.8, sun.java.command=C:\Users\95303\AppData\Local\Temp\surefire2636418665895738365\surefirebooter4190118888743542800.jar C:\Users\95303\AppData\Local\Temp\surefire2636418665895738365 2019-03-19T16-12-45_343-jvmRun1 surefire1793820768582883209tmp surefire_07848510345351133331tmp, java.home=D:\jdk1.8\jre, sun.arch.data.model=64, user.language=zh, java.specification.vendor=Oracle Corporation, awt.toolkit=sun.awt.windows.WToolkit, java.vm.info=mixed mode, java.version=1.8.0_181, java.ext.dirs=D:\jdk1.8\jre\lib\ext;C:\WINDOWS\Sun\Java\lib\ext, sun.boot.class.path=D:\jdk1.8\jre\lib\resources.jar;D:\jdk1.8\jre\lib\rt.jar;D:\jdk1.8\jre\lib\sunrsasign.jar;D:\jdk1.8\jre\lib\jsse.jar;D:\jdk1.8\jre\lib\jce.jar;D:\jdk1.8\jre\lib\charsets.jar;D:\jdk1.8\jre\lib\jfr.jar;D:\jdk1.8\jre\classes, java.vendor=Oracle Corporation, localRepository=D:\maven\mavenReq, file.separator=\, java.vendor.url.bug=http://bugreport.sun.com/bugreport/, sun.io.unicode.encoding=UnicodeLittle, sun.cpu.endian=little, sun.desktop=windows, sun.cpu.isalist=amd64}}, SystemEnvironmentPropertySource@1524126153 {name='systemEnvironment', properties={PATH=C:/Program Files/Java/jre1.8.0_181/bin/server;C:/Program Files/Java/jre1.8.0_181/bin;C:/Program Files/Java/jre1.8.0_181/lib/amd64;C:\Program Files (x86)\Common Files\Oracle\Java\javapath;C:\Program Files (x86)\Intel\Intel(R) Management Engine Components\iCLS\;C:\Program Files\Intel\Intel(R) Management Engine Components\iCLS\;C:\Windows\system32;C:\Windows;C:\Windows\System32\Wbem;C:\Windows\System32\WindowsPowerShell\v1.0\;C:\Program Files (x86)\NVIDIA Corporation\PhysX\Common;C:\Program Files (x86)\Intel\Intel(R) Management Engine Components\DAL;C:\Program Files\Intel\Intel(R) Management Engine Components\DAL;C:\Program Files (x86)\Intel\Intel(R) Management Engine Components\IPT;C:\Program Files\Intel\Intel(R) Management Engine Components\IPT;C:\Program Files\Intel\WiFi\bin\;C:\Program Files\Common Files\Intel\WirelessCommon\;D:\jdk1.8\bin;D:\maven\apache-maven-3.5.4-bin\apache-maven-3.5.4\bin;D:\mysql-8.0.12-winx64\bin;D:\Git\bin;D:\TortoiseGit\bin;D:\ VS Code\bin;D:\nodejs\;C:\Program Files\MySQL\MySQL Server 8.0\bin;C:\WINDOWS\system32;C:\WINDOWS;C:\WINDOWS\System32\Wbem;C:\WINDOWS\System32\WindowsPowerShell\v1.0\;C:\WINDOWS\System32\OpenSSH\;D:\RabbitMQ Server\rabbitmq_server-3.7.7\sbin;C:\Users\95303\AppData\Local\Microsoft\WindowsApps;C:\Users\95303\AppData\Roaming\npm;;D:\eclipse\eclipse;, USERDOMAIN_ROAMINGPROFILE=DESKTOP-34G11NE, LOCALAPPDATA=C:\Users\95303\AppData\Local, PROCESSOR_LEVEL=6, SYSTEMDRIVE=C:, COMMONPROGRAMFILES(X86)=C:\Program Files (x86)\Common Files, USERDOMAIN=DESKTOP-34G11NE, FPS_BROWSER_APP_PROFILE_STRING=Internet Explorer, LOGONSERVER=\\DESKTOP-34G11NE, JAVA_HOME=D:\jdk1.8, PROMPT=$P$G, SESSIONNAME=Console, ALLUSERSPROFILE=C:\ProgramData, PROGRAMFILES(X86)=C:\Program Files (x86), PROCESSOR_ARCHITECTURE=AMD64, DRIVERDATA=C:\Windows\System32\Drivers\DriverData, ERLANG_HOME=D:\otp-win64-\21.0.1, PROGRAMFILES=C:\Program Files, APPDATA=C:\Users\95303\AppData\Roaming, PSMODULEPATH=C:\Program Files\WindowsPowerShell\Modules;C:\WINDOWS\system32\WindowsPowerShell\v1.0\Modules, PROGRAMW6432=C:\Program Files, PROGRAMDATA=C:\ProgramData, SYSTEMROOT=C:\WINDOWS, USERNAME=刘彦军, FPS_BROWSER_USER_PROFILE_STRING=Default, ONEDRIVE=C:\Users\95303\OneDrive, PATHEXT=.COM;.EXE;.BAT;.CMD;.VBS;.VBE;.JS;.JSE;.WSF;.WSH;.MSC, OS=Windows_NT, COMMONPROGRAMW6432=C:\Program Files\Common Files, COMPUTERNAME=DESKTOP-34G11NE, ONEDRIVECONSUMER=C:\Users\95303\OneDrive, COMMONPROGRAMFILES=C:\Program Files\Common Files, COMSPEC=C:\WINDOWS\system32\cmd.exe, PROCESSOR_REVISION=9e0a, WINDIR=C:\WINDOWS, =D:=D:\eclipse-workspace\com.my.springcloud\my-spring-user, HOMEPATH=\Users\95303, TEMP=C:\Users\95303\AppData\Local\Temp, HOMEDRIVE=C:, PROCESSOR_IDENTIFIER=Intel64 Family 6 Model 158 Stepping 10, GenuineIntel, USERPROFILE=C:\Users\95303, TMP=C:\Users\95303\AppData\Local\Temp, PUBLIC=C:\Users\Public, NUMBER_OF_PROCESSORS=6, =::=::\}}]
16:13:13.622 [main] DEBUG org.springframework.core.io.support.PathMatchingResourcePatternResolver - Resolved classpath location [com/example/demo/] to resources [URL [file:/D:/eclipse-workspace/com.my.springcloud/my-spring-user/target/test-classes/com/example/demo/], URL [file:/D:/eclipse-workspace/com.my.springcloud/my-spring-user/target/classes/com/example/demo/]]
16:13:13.623 [main] DEBUG org.springframework.core.io.support.PathMatchingResourcePatternResolver - Looking for matching resources in directory tree [D:\eclipse-workspace\com.my.springcloud\my-spring-user\target\test-classes\com\example\demo]
16:13:13.623 [main] DEBUG org.springframework.core.io.support.PathMatchingResourcePatternResolver - Searching directory [D:\eclipse-workspace\com.my.springcloud\my-spring-user\target\test-classes\com\example\demo] for files matching pattern [D:/eclipse-workspace/com.my.springcloud/my-spring-user/target/test-classes/com/example/demo/*.class]
16:13:13.625 [main] DEBUG org.springframework.core.io.support.PathMatchingResourcePatternResolver - Looking for matching resources in directory tree [D:\eclipse-workspace\com.my.springcloud\my-spring-user\target\classes\com\example\demo]
16:13:13.625 [main] DEBUG org.springframework.core.io.support.PathMatchingResourcePatternResolver - Searching directory [D:\eclipse-workspace\com.my.springcloud\my-spring-user\target\classes\com\example\demo] for files matching pattern [D:/eclipse-workspace/com.my.springcloud/my-spring-user/target/classes/com/example/demo/*.class]
16:13:13.626 [main] DEBUG org.springframework.core.io.support.PathMatchingResourcePatternResolver - Resolved location pattern [classpath*:com/example/demo/*.class] to resources [file [D:\eclipse-workspace\com.my.springcloud\my-spring-user\target\test-classes\com\example\demo\UserApplicationTests.class], file [D:\eclipse-workspace\com.my.springcloud\my-spring-user\target\classes\com\example\demo\UserApplication.class]]
16:13:13.701 [main] DEBUG org.springframework.context.annotation.ClassPathScanningCandidateComponentProvider - Identified candidate component class: file [D:\eclipse-workspace\com.my.springcloud\my-spring-user\target\classes\com\example\demo\UserApplication.class]
16:13:13.702 [main] INFO org.springframework.boot.test.context.SpringBootTestContextBootstrapper - Found @SpringBootConfiguration com.example.demo.UserApplication for test class com.example.demo.UserApplicationTests
16:13:13.889 [main] DEBUG org.springframework.boot.test.context.SpringBootTestContextBootstrapper - @TestExecutionListeners is not present for class [com.example.demo.UserApplicationTests]: using defaults.
16:13:13.890 [main] INFO org.springframework.boot.test.context.SpringBootTestContextBootstrapper - Loaded default TestExecutionListener class names from location [META-INF/spring.factories]: [org.springframework.boot.test.mock.mockito.MockitoTestExecutionListener, org.springframework.boot.test.mock.mockito.ResetMocksTestExecutionListener, org.springframework.boot.test.autoconfigure.restdocs.RestDocsTestExecutionListener, org.springframework.boot.test.autoconfigure.web.client.MockRestServiceServerResetTestExecutionListener, org.springframework.boot.test.autoconfigure.web.servlet.MockMvcPrintOnlyOnFailureTestExecutionListener, org.springframework.boot.test.autoconfigure.web.servlet.WebDriverTestExecutionListener, org.springframework.test.context.web.ServletTestExecutionListener, org.springframework.test.context.support.DirtiesContextBeforeModesTestExecutionListener, org.springframework.test.context.support.DependencyInjectionTestExecutionListener, org.springframework.test.context.support.DirtiesContextTestExecutionListener, org.springframework.test.context.transaction.TransactionalTestExecutionListener, org.springframework.test.context.jdbc.SqlScriptsTestExecutionListener]
16:13:14.013 [main] INFO org.springframework.boot.test.context.SpringBootTestContextBootstrapper - Using TestExecutionListeners: [org.springframework.test.context.web.ServletTestExecutionListener@126253fd, org.springframework.test.context.support.DirtiesContextBeforeModesTestExecutionListener@57db2b13, org.springframework.boot.test.mock.mockito.MockitoTestExecutionListener@475c9c31, org.springframework.boot.test.autoconfigure.SpringBootDependencyInjectionTestExecutionListener@5c86a017, org.springframework.test.context.support.DirtiesContextTestExecutionListener@5c7bfdc1, org.springframework.test.context.transaction.TransactionalTestExecutionListener@5276d6ee, org.springframework.test.context.jdbc.SqlScriptsTestExecutionListener@71687585, org.springframework.boot.test.mock.mockito.ResetMocksTestExecutionListener@1807f5a7, org.springframework.boot.test.autoconfigure.restdocs.RestDocsTestExecutionListener@1b919693, org.springframework.boot.test.autoconfigure.web.client.MockRestServiceServerResetTestExecutionListener@7fb4f2a9, org.springframework.boot.test.autoconfigure.web.servlet.MockMvcPrintOnlyOnFailureTestExecutionListener@4dc27487, org.springframework.boot.test.autoconfigure.web.servlet.WebDriverTestExecutionListener@6a4f1a55]
16:13:14.015 [main] DEBUG org.springframework.test.annotation.ProfileValueUtils - Retrieved @ProfileValueSourceConfiguration [null] for test class [com.example.demo.UserApplicationTests]
16:13:14.015 [main] DEBUG org.springframework.test.annotation.ProfileValueUtils - Retrieved ProfileValueSource type [class org.springframework.test.annotation.SystemProfileValueSource] for class [com.example.demo.UserApplicationTests]
16:13:14.017 [main] DEBUG org.springframework.test.annotation.ProfileValueUtils - Retrieved @ProfileValueSourceConfiguration [null] for test class [com.example.demo.UserApplicationTests]
16:13:14.017 [main] DEBUG org.springframework.test.annotation.ProfileValueUtils - Retrieved ProfileValueSource type [class org.springframework.test.annotation.SystemProfileValueSource] for class [com.example.demo.UserApplicationTests]
16:13:14.018 [main] DEBUG org.springframework.test.annotation.ProfileValueUtils - Retrieved @ProfileValueSourceConfiguration [null] for test class [com.example.demo.UserApplicationTests]
16:13:14.019 [main] DEBUG org.springframework.test.annotation.ProfileValueUtils - Retrieved ProfileValueSource type [class org.springframework.test.annotation.SystemProfileValueSource] for class [com.example.demo.UserApplicationTests]
16:13:14.023 [main] DEBUG org.springframework.test.context.support.AbstractDirtiesContextTestExecutionListener - Before test class: context [DefaultTestContext@798162bc testClass = UserApplicationTests, testInstance = [null], testMethod = [null], testException = [null], mergedContextConfiguration = [WebMergedContextConfiguration@1df8da7a testClass = UserApplicationTests, locations = '{}', classes = '{class com.example.demo.UserApplication}', contextInitializerClasses = '[]', activeProfiles = '{}', propertySourceLocations = '{}', propertySourceProperties = '{org.springframework.boot.test.context.SpringBootTestContextBootstrapper=true}', contextCustomizers = set[org.springframework.boot.test.context.filter.ExcludeFilterContextCustomizer@564718df, org.springframework.boot.test.json.DuplicateJsonObjectContextCustomizerFactory$DuplicateJsonObjectContextCustomizer@62e136d3, org.springframework.boot.test.mock.mockito.MockitoContextCustomizer@0, org.springframework.boot.test.web.client.TestRestTemplateContextCustomizer@400cff1a, org.springframework.boot.test.autoconfigure.properties.PropertyMappingContextCustomizer@0, org.springframework.boot.test.autoconfigure.web.servlet.WebDriverContextCustomizerFactory$Customizer@3ec300f1], resourceBasePath = 'src/main/webapp', contextLoader = 'org.springframework.boot.test.context.SpringBootContextLoader', parent = [null]], attributes = map['org.springframework.test.context.web.ServletTestExecutionListener.activateListener' -> true]], class annotated with @DirtiesContext [false] with mode [null].
16:13:14.024 [main] DEBUG org.springframework.test.annotation.ProfileValueUtils - Retrieved @ProfileValueSourceConfiguration [null] for test class [com.example.demo.UserApplicationTests]
16:13:14.024 [main] DEBUG org.springframework.test.annotation.ProfileValueUtils - Retrieved ProfileValueSource type [class org.springframework.test.annotation.SystemProfileValueSource] for class [com.example.demo.UserApplicationTests]
16:13:14.056 [main] DEBUG org.springframework.core.env.StandardEnvironment - Adding PropertySource 'systemProperties' with lowest search precedence
16:13:14.056 [main] DEBUG org.springframework.core.env.StandardEnvironment - Adding PropertySource 'systemEnvironment' with lowest search precedence
16:13:14.056 [main] DEBUG org.springframework.core.env.StandardEnvironment - Initialized StandardEnvironment with PropertySources [MapPropertySource@951031848 {name='systemProperties', properties={java.runtime.name=Java(TM) SE Runtime Environment, sun.boot.library.path=D:\jdk1.8\jre\bin, java.vm.version=25.181-b13, java.vm.vendor=Oracle Corporation, java.vendor.url=http://java.oracle.com/, path.separator=;, java.vm.name=Java HotSpot(TM) 64-Bit Server VM, file.encoding.pkg=sun.io, user.country=CN, user.script=, sun.java.launcher=SUN_STANDARD, sun.os.patch.level=, java.vm.specification.name=Java Virtual Machine Specification, user.dir=D:\eclipse-workspace\com.my.springcloud\my-spring-user, java.runtime.version=1.8.0_181-b13, basedir=D:\eclipse-workspace\com.my.springcloud\my-spring-user, java.awt.graphicsenv=sun.awt.Win32GraphicsEnvironment, java.endorsed.dirs=D:\jdk1.8\jre\lib\endorsed, os.arch=amd64, surefire.real.class.path=C:\Users\95303\AppData\Local\Temp\surefire2636418665895738365\surefirebooter4190118888743542800.jar, java.io.tmpdir=C:\Users\95303\AppData\Local\Temp\, line.separator=
, java.vm.specification.vendor=Oracle Corporation, user.variant=, os.name=Windows 10, sun.jnu.encoding=GBK, java.library.path=D:\jdk1.8\jre\bin;C:\WINDOWS\Sun\Java\bin;C:\WINDOWS\system32;C:\WINDOWS;C:/Program Files/Java/jre1.8.0_181/bin/server;C:/Program Files/Java/jre1.8.0_181/bin;C:/Program Files/Java/jre1.8.0_181/lib/amd64;C:\Program Files (x86)\Common Files\Oracle\Java\javapath;C:\Program Files (x86)\Intel\Intel(R) Management Engine Components\iCLS\;C:\Program Files\Intel\Intel(R) Management Engine Components\iCLS\;C:\Windows\system32;C:\Windows;C:\Windows\System32\Wbem;C:\Windows\System32\WindowsPowerShell\v1.0\;C:\Program Files (x86)\NVIDIA Corporation\PhysX\Common;C:\Program Files (x86)\Intel\Intel(R) Management Engine Components\DAL;C:\Program Files\Intel\Intel(R) Management Engine Components\DAL;C:\Program Files (x86)\Intel\Intel(R) Management Engine Components\IPT;C:\Program Files\Intel\Intel(R) Management Engine Components\IPT;C:\Program Files\Intel\WiFi\bin\;C:\Program Files\Common Files\Intel\WirelessCommon\;D:\jdk1.8\bin;D:\maven\apache-maven-3.5.4-bin\apache-maven-3.5.4\bin;D:\mysql-8.0.12-winx64\bin;D:\Git\bin;D:\TortoiseGit\bin;D:\ VS Code\bin;D:\nodejs\;C:\Program Files\MySQL\MySQL Server 8.0\bin;C:\WINDOWS\system32;C:\WINDOWS;C:\WINDOWS\System32\Wbem;C:\WINDOWS\System32\WindowsPowerShell\v1.0\;C:\WINDOWS\System32\OpenSSH\;D:\RabbitMQ Server\rabbitmq_server-3.7.7\sbin;C:\Users\95303\AppData\Local\Microsoft\WindowsApps;C:\Users\95303\AppData\Roaming\npm;;D:\eclipse\eclipse;;., surefire.test.class.path=D:\eclipse-workspace\com.my.springcloud\my-spring-user\target\test-classes;D:\eclipse-workspace\com.my.springcloud\my-spring-user\target\classes;D:\maven\mavenReq\junit\junit\4.12\junit-4.12.jar;D:\maven\mavenReq\org\hamcrest\hamcrest-core\1.3\hamcrest-core-1.3.jar;D:\maven\mavenReq\org\projectlombok\lombok\1.16.22\lombok-1.16.22.jar;D:\maven\mavenReq\org\springframework\boot\spring-boot-starter-web\2.0.3.RELEASE\spring-boot-starter-web-2.0.3.RELEASE.jar;D:\maven\mavenReq\org\springframework\boot\spring-boot-starter\2.0.3.RELEASE\spring-boot-starter-2.0.3.RELEASE.jar;D:\maven\mavenReq\org\springframework\boot\spring-boot\2.0.3.RELEASE\spring-boot-2.0.3.RELEASE.jar;D:\maven\mavenReq\org\springframework\boot\spring-boot-autoconfigure\2.0.3.RELEASE\spring-boot-autoconfigure-2.0.3.RELEASE.jar;D:\maven\mavenReq\org\springframework\boot\spring-boot-starter-logging\2.0.3.RELEASE\spring-boot-starter-logging-2.0.3.RELEASE.jar;D:\maven\mavenReq\ch\qos\logback\logback-classic\1.2.3\logback-classic-1.2.3.jar;D:\maven\mavenReq\ch\qos\logback\logback-core\1.2.3\logback-core-1.2.3.jar;D:\maven\mavenReq\org\apache\logging\log4j\log4j-to-slf4j\2.10.0\log4j-to-slf4j-2.10.0.jar;D:\maven\mavenReq\org\apache\logging\log4j\log4j-api\2.10.0\log4j-api-2.10.0.jar;D:\maven\mavenReq\org\slf4j\jul-to-slf4j\1.7.25\jul-to-slf4j-1.7.25.jar;D:\maven\mavenReq\javax\annotation\javax.annotation-api\1.3.2\javax.annotation-api-1.3.2.jar;D:\maven\mavenReq\org\yaml\snakeyaml\1.19\snakeyaml-1.19.jar;D:\maven\mavenReq\org\springframework\boot\spring-boot-starter-json\2.0.3.RELEASE\spring-boot-starter-json-2.0.3.RELEASE.jar;D:\maven\mavenReq\com\fasterxml\jackson\datatype\jackson-datatype-jdk8\2.9.6\jackson-datatype-jdk8-2.9.6.jar;D:\maven\mavenReq\com\fasterxml\jackson\datatype\jackson-datatype-jsr310\2.9.6\jackson-datatype-jsr310-2.9.6.jar;D:\maven\mavenReq\com\fasterxml\jackson\module\jackson-module-parameter-names\2.9.6\jackson-module-parameter-names-2.9.6.jar;D:\maven\mavenReq\org\springframework\boot\spring-boot-starter-tomcat\2.0.3.RELEASE\spring-boot-starter-tomcat-2.0.3.RELEASE.jar;D:\maven\mavenReq\org\apache\tomcat\embed\tomcat-embed-core\8.5.31\tomcat-embed-core-8.5.31.jar;D:\maven\mavenReq\org\apache\tomcat\embed\tomcat-embed-el\8.5.31\tomcat-embed-el-8.5.31.jar;D:\maven\mavenReq\org\apache\tomcat\embed\tomcat-embed-websocket\8.5.31\tomcat-embed-websocket-8.5.31.jar;D:\maven\mavenReq\org\hibernate\validator\hibernate-validator\6.0.10.Final\hibernate-validator-6.0.10.Final.jar;D:\maven\mavenReq\javax\validation\validation-api\2.0.1.Final\validation-api-2.0.1.Final.jar;D:\maven\mavenReq\org\jboss\logging\jboss-logging\3.3.2.Final\jboss-logging-3.3.2.Final.jar;D:\maven\mavenReq\com\fasterxml\classmate\1.3.4\classmate-1.3.4.jar;D:\maven\mavenReq\org\springframework\spring-web\5.0.7.RELEASE\spring-web-5.0.7.RELEASE.jar;D:\maven\mavenReq\org\springframework\spring-beans\5.0.7.RELEASE\spring-beans-5.0.7.RELEASE.jar;D:\maven\mavenReq\org\springframework\spring-webmvc\5.0.7.RELEASE\spring-webmvc-5.0.7.RELEASE.jar;D:\maven\mavenReq\org\springframework\spring-aop\5.0.7.RELEASE\spring-aop-5.0.7.RELEASE.jar;D:\maven\mavenReq\org\springframework\spring-context\5.0.7.RELEASE\spring-context-5.0.7.RELEASE.jar;D:\maven\mavenReq\org\springframework\spring-expression\5.0.7.RELEASE\spring-expression-5.0.7.RELEASE.jar;D:\maven\mavenReq\org\springframework\cloud\spring-cloud-starter-config\2.0.1.RELEASE\spring-cloud-starter-config-2.0.1.RELEASE.jar;D:\maven\mavenReq\org\springframework\cloud\spring-cloud-starter\2.0.1.RELEASE\spring-cloud-starter-2.0.1.RELEASE.jar;D:\maven\mavenReq\org\springframework\cloud\spring-cloud-context\2.0.1.RELEASE\spring-cloud-context-2.0.1.RELEASE.jar;D:\maven\mavenReq\org\springframework\security\spring-security-rsa\1.0.5.RELEASE\spring-security-rsa-1.0.5.RELEASE.jar;D:\maven\mavenReq\org\bouncycastle\bcpkix-jdk15on\1.56\bcpkix-jdk15on-1.56.jar;D:\maven\mavenReq\org\bouncycastle\bcprov-jdk15on\1.56\bcprov-jdk15on-1.56.jar;D:\maven\mavenReq\org\springframework\cloud\spring-cloud-config-client\2.0.1.RELEASE\spring-cloud-config-client-2.0.1.RELEASE.jar;D:\maven\mavenReq\com\fasterxml\jackson\core\jackson-annotations\2.9.0\jackson-annotations-2.9.0.jar;D:\maven\mavenReq\com\fasterxml\jackson\core\jackson-databind\2.9.6\jackson-databind-2.9.6.jar;D:\maven\mavenReq\com\fasterxml\jackson\core\jackson-core\2.9.6\jackson-core-2.9.6.jar;D:\maven\mavenReq\org\springframework\boot\spring-boot-starter-test\2.0.3.RELEASE\spring-boot-starter-test-2.0.3.RELEASE.jar;D:\maven\mavenReq\org\springframework\boot\spring-boot-test\2.0.3.RELEASE\spring-boot-test-2.0.3.RELEASE.jar;D:\maven\mavenReq\org\springframework\boot\spring-boot-test-autoconfigure\2.0.3.RELEASE\spring-boot-test-autoconfigure-2.0.3.RELEASE.jar;D:\maven\mavenReq\com\jayway\jsonpath\json-path\2.4.0\json-path-2.4.0.jar;D:\maven\mavenReq\net\minidev\json-smart\2.3\json-smart-2.3.jar;D:\maven\mavenReq\net\minidev\accessors-smart\1.2\accessors-smart-1.2.jar;D:\maven\mavenReq\org\slf4j\slf4j-api\1.7.25\slf4j-api-1.7.25.jar;D:\maven\mavenReq\org\assertj\assertj-core\3.9.1\assertj-core-3.9.1.jar;D:\maven\mavenReq\org\mockito\mockito-core\2.15.0\mockito-core-2.15.0.jar;D:\maven\mavenReq\net\bytebuddy\byte-buddy\1.7.11\byte-buddy-1.7.11.jar;D:\maven\mavenReq\net\bytebuddy\byte-buddy-agent\1.7.11\byte-buddy-agent-1.7.11.jar;D:\maven\mavenReq\org\objenesis\objenesis\2.6\objenesis-2.6.jar;D:\maven\mavenReq\org\hamcrest\hamcrest-library\1.3\hamcrest-library-1.3.jar;D:\maven\mavenReq\org\skyscreamer\jsonassert\1.5.0\jsonassert-1.5.0.jar;D:\maven\mavenReq\com\vaadin\external\google\android-json\0.0.20131108.vaadin1\android-json-0.0.20131108.vaadin1.jar;D:\maven\mavenReq\org\springframework\spring-core\5.0.7.RELEASE\spring-core-5.0.7.RELEASE.jar;D:\maven\mavenReq\org\springframework\spring-jcl\5.0.7.RELEASE\spring-jcl-5.0.7.RELEASE.jar;D:\maven\mavenReq\org\springframework\spring-test\5.0.7.RELEASE\spring-test-5.0.7.RELEASE.jar;D:\maven\mavenReq\org\xmlunit\xmlunit-core\2.5.1\xmlunit-core-2.5.1.jar;D:\maven\mavenReq\org\springframework\cloud\spring-cloud-starter-netflix-eureka-client\2.0.0.RELEASE\spring-cloud-starter-netflix-eureka-client-2.0.0.RELEASE.jar;D:\maven\mavenReq\org\springframework\cloud\spring-cloud-netflix-core\2.0.0.RELEASE\spring-cloud-netflix-core-2.0.0.RELEASE.jar;D:\maven\mavenReq\org\springframework\boot\spring-boot-starter-aop\2.0.3.RELEASE\spring-boot-starter-aop-2.0.3.RELEASE.jar;D:\maven\mavenReq\org\springframework\cloud\spring-cloud-netflix-eureka-client\2.0.0.RELEASE\spring-cloud-netflix-eureka-client-2.0.0.RELEASE.jar;D:\maven\mavenReq\com\netflix\eureka\eureka-client\1.9.2\eureka-client-1.9.2.jar;D:\maven\mavenReq\org\codehaus\jettison\jettison\1.3.7\jettison-1.3.7.jar;D:\maven\mavenReq\stax\stax-api\1.0.1\stax-api-1.0.1.jar;D:\maven\mavenReq\com\netflix\netflix-commons\netflix-eventbus\0.3.0\netflix-eventbus-0.3.0.jar;D:\maven\mavenReq\com\netflix\netflix-commons\netflix-infix\0.3.0\netflix-infix-0.3.0.jar;D:\maven\mavenReq\commons-jxpath\commons-jxpath\1.3\commons-jxpath-1.3.jar;D:\maven\mavenReq\joda-time\joda-time\2.9.9\joda-time-2.9.9.jar;D:\maven\mavenReq\org\antlr\antlr-runtime\3.4\antlr-runtime-3.4.jar;D:\maven\mavenReq\org\antlr\stringtemplate\3.2.1\stringtemplate-3.2.1.jar;D:\maven\mavenReq\antlr\antlr\2.7.7\antlr-2.7.7.jar;D:\maven\mavenReq\com\google\code\gson\gson\2.8.5\gson-2.8.5.jar;D:\maven\mavenReq\org\apache\commons\commons-math\2.2\commons-math-2.2.jar;D:\maven\mavenReq\com\netflix\archaius\archaius-core\0.7.6\archaius-core-0.7.6.jar;D:\maven\mavenReq\javax\ws\rs\jsr311-api\1.1.1\jsr311-api-1.1.1.jar;D:\maven\mavenReq\com\netflix\servo\servo-core\0.12.21\servo-core-0.12.21.jar;D:\maven\mavenReq\com\sun\jersey\jersey-core\1.19.1\jersey-core-1.19.1.jar;D:\maven\mavenReq\com\sun\jersey\jersey-client\1.19.1\jersey-client-1.19.1.jar;D:\maven\mavenReq\com\sun\jersey\contribs\jersey-apache-client4\1.19.1\jersey-apache-client4-1.19.1.jar;D:\maven\mavenReq\org\apache\httpcomponents\httpclient\4.5.5\httpclient-4.5.5.jar;D:\maven\mavenReq\org\apache\httpcomponents\httpcore\4.4.9\httpcore-4.4.9.jar;D:\maven\mavenReq\commons-codec\commons-codec\1.11\commons-codec-1.11.jar;D:\maven\mavenReq\com\google\inject\guice\4.1.0\guice-4.1.0.jar;D:\maven\mavenReq\aopalliance\aopalliance\1.0\aopalliance-1.0.jar;D:\maven\mavenReq\com\github\vlsi\compactmap\compactmap\1.2.1\compactmap-1.2.1.jar;D:\maven\mavenReq\com\github\andrewoma\dexx\dexx-collections\0.2\dexx-collections-0.2.jar;D:\maven\mavenReq\com\netflix\eureka\eureka-core\1.9.2\eureka-core-1.9.2.jar;D:\maven\mavenReq\org\codehaus\woodstox\woodstox-core-asl\4.4.1\woodstox-core-asl-4.4.1.jar;D:\maven\mavenReq\javax\xml\stream\stax-api\1.0-2\stax-api-1.0-2.jar;D:\maven\mavenReq\org\codehaus\woodstox\stax2-api\3.1.4\stax2-api-3.1.4.jar;D:\maven\mavenReq\org\springframework\cloud\spring-cloud-starter-netflix-archaius\2.0.0.RELEASE\spring-cloud-starter-netflix-archaius-2.0.0.RELEASE.jar;D:\maven\mavenReq\org\springframework\cloud\spring-cloud-netflix-archaius\2.0.0.RELEASE\spring-cloud-netflix-archaius-2.0.0.RELEASE.jar;D:\maven\mavenReq\commons-configuration\commons-configuration\1.8\commons-configuration-1.8.jar;D:\maven\mavenReq\com\netflix\ribbon\ribbon-eureka\2.2.5\ribbon-eureka-2.2.5.jar;D:\maven\mavenReq\com\thoughtworks\xstream\xstream\1.4.10\xstream-1.4.10.jar;D:\maven\mavenReq\xmlpull\xmlpull\1.1.3.1\xmlpull-1.1.3.1.jar;D:\maven\mavenReq\xpp3\xpp3_min\1.1.4c\xpp3_min-1.1.4c.jar;D:\maven\mavenReq\org\springframework\cloud\spring-cloud-starter-bus-amqp\2.0.0.RELEASE\spring-cloud-starter-bus-amqp-2.0.0.RELEASE.jar;D:\maven\mavenReq\org\springframework\cloud\spring-cloud-starter-stream-rabbit\2.0.0.RELEASE\spring-cloud-starter-stream-rabbit-2.0.0.RELEASE.jar;D:\maven\mavenReq\org\springframework\cloud\spring-cloud-stream-binder-rabbit\2.0.0.RELEASE\spring-cloud-stream-binder-rabbit-2.0.0.RELEASE.jar;D:\maven\mavenReq\org\springframework\cloud\spring-cloud-stream-binder-rabbit-core\2.0.0.RELEASE\spring-cloud-stream-binder-rabbit-core-2.0.0.RELEASE.jar;D:\maven\mavenReq\org\springframework\boot\spring-boot-starter-amqp\2.0.3.RELEASE\spring-boot-starter-amqp-2.0.3.RELEASE.jar;D:\maven\mavenReq\org\springframework\amqp\spring-rabbit\2.0.4.RELEASE\spring-rabbit-2.0.4.RELEASE.jar;D:\maven\mavenReq\org\springframework\amqp\spring-amqp\2.0.4.RELEASE\spring-amqp-2.0.4.RELEASE.jar;D:\maven\mavenReq\com\rabbitmq\amqp-client\5.1.2\amqp-client-5.1.2.jar;D:\maven\mavenReq\org\springframework\integration\spring-integration-amqp\5.0.6.RELEASE\spring-integration-amqp-5.0.6.RELEASE.jar;D:\maven\mavenReq\org\springframework\integration\spring-integration-jmx\5.0.6.RELEASE\spring-integration-jmx-5.0.6.RELEASE.jar;D:\maven\mavenReq\org\springframework\cloud\spring-cloud-bus\2.0.0.RELEASE\spring-cloud-bus-2.0.0.RELEASE.jar;D:\maven\mavenReq\org\springframework\cloud\spring-cloud-stream\2.0.0.RELEASE\spring-cloud-stream-2.0.0.RELEASE.jar;D:\maven\mavenReq\org\springframework\boot\spring-boot-starter-validation\2.0.3.RELEASE\spring-boot-starter-validation-2.0.3.RELEASE.jar;D:\maven\mavenReq\org\springframework\spring-messaging\5.0.7.RELEASE\spring-messaging-5.0.7.RELEASE.jar;D:\maven\mavenReq\org\springframework\spring-tuple\1.0.0.RELEASE\spring-tuple-1.0.0.RELEASE.jar;D:\maven\mavenReq\com\esotericsoftware\kryo-shaded\3.0.3\kryo-shaded-3.0.3.jar;D:\maven\mavenReq\com\esotericsoftware\minlog\1.3.0\minlog-1.3.0.jar;D:\maven\mavenReq\org\springframework\integration\spring-integration-tuple\1.0.0.RELEASE\spring-integration-tuple-1.0.0.RELEASE.jar;D:\maven\mavenReq\org\springframework\retry\spring-retry\1.2.2.RELEASE\spring-retry-1.2.2.RELEASE.jar;D:\maven\mavenReq\org\springframework\integration\spring-integration-core\5.0.6.RELEASE\spring-integration-core-5.0.6.RELEASE.jar;D:\maven\mavenReq\org\springframework\spring-tx\5.0.7.RELEASE\spring-tx-5.0.7.RELEASE.jar;D:\maven\mavenReq\io\projectreactor\reactor-core\3.1.8.RELEASE\reactor-core-3.1.8.RELEASE.jar;D:\maven\mavenReq\org\springframework\boot\spring-boot-starter-actuator\2.0.3.RELEASE\spring-boot-starter-actuator-2.0.3.RELEASE.jar;D:\maven\mavenReq\org\springframework\boot\spring-boot-actuator-autoconfigure\2.0.3.RELEASE\spring-boot-actuator-autoconfigure-2.0.3.RELEASE.jar;D:\maven\mavenReq\org\springframework\boot\spring-boot-actuator\2.0.3.RELEASE\spring-boot-actuator-2.0.3.RELEASE.jar;D:\maven\mavenReq\io\micrometer\micrometer-core\1.0.5\micrometer-core-1.0.5.jar;D:\maven\mavenReq\org\hdrhistogram\HdrHistogram\2.1.10\HdrHistogram-2.1.10.jar;D:\maven\mavenReq\org\latencyutils\LatencyUtils\2.0.3\LatencyUtils-2.0.3.jar;D:\maven\mavenReq\org\springframework\cloud\spring-cloud-starter-openfeign\2.0.0.RELEASE\spring-cloud-starter-openfeign-2.0.0.RELEASE.jar;D:\maven\mavenReq\org\springframework\cloud\spring-cloud-openfeign-core\2.0.0.RELEASE\spring-cloud-openfeign-core-2.0.0.RELEASE.jar;D:\maven\mavenReq\org\springframework\cloud\spring-cloud-commons\2.0.0.RELEASE\spring-cloud-commons-2.0.0.RELEASE.jar;D:\maven\mavenReq\org\springframework\security\spring-security-crypto\5.0.6.RELEASE\spring-security-crypto-5.0.6.RELEASE.jar;D:\maven\mavenReq\io\github\openfeign\feign-core\9.5.1\feign-core-9.5.1.jar;D:\maven\mavenReq\io\github\openfeign\feign-slf4j\9.5.1\feign-slf4j-9.5.1.jar;D:\maven\mavenReq\io\github\openfeign\feign-hystrix\9.5.1\feign-hystrix-9.5.1.jar;D:\maven\mavenReq\io\github\openfeign\feign-java8\9.5.1\feign-java8-9.5.1.jar;D:\maven\mavenReq\org\springframework\cloud\spring-cloud-starter-netflix-hystrix\2.0.0.RELEASE\spring-cloud-starter-netflix-hystrix-2.0.0.RELEASE.jar;D:\maven\mavenReq\org\springframework\cloud\spring-cloud-netflix-ribbon\2.0.0.RELEASE\spring-cloud-netflix-ribbon-2.0.0.RELEASE.jar;D:\maven\mavenReq\com\netflix\hystrix\hystrix-core\1.5.12\hystrix-core-1.5.12.jar;D:\maven\mavenReq\com\netflix\hystrix\hystrix-serialization\1.5.12\hystrix-serialization-1.5.12.jar;D:\maven\mavenReq\com\fasterxml\jackson\module\jackson-module-afterburner\2.9.6\jackson-module-afterburner-2.9.6.jar;D:\maven\mavenReq\com\netflix\hystrix\hystrix-metrics-event-stream\1.5.12\hystrix-metrics-event-stream-1.5.12.jar;D:\maven\mavenReq\com\netflix\hystrix\hystrix-javanica\1.5.12\hystrix-javanica-1.5.12.jar;D:\maven\mavenReq\org\apache\commons\commons-lang3\3.7\commons-lang3-3.7.jar;D:\maven\mavenReq\org\ow2\asm\asm\5.0.4\asm-5.0.4.jar;D:\maven\mavenReq\org\aspectj\aspectjweaver\1.8.13\aspectjweaver-1.8.13.jar;D:\maven\mavenReq\com\google\guava\guava\15.0\guava-15.0.jar;D:\maven\mavenReq\io\reactivex\rxjava-reactive-streams\1.2.1\rxjava-reactive-streams-1.2.1.jar;D:\maven\mavenReq\org\reactivestreams\reactive-streams\1.0.2\reactive-streams-1.0.2.jar;D:\maven\mavenReq\org\springframework\cloud\spring-cloud-starter-netflix-ribbon\2.0.0.RELEASE\spring-cloud-starter-netflix-ribbon-2.0.0.RELEASE.jar;D:\maven\mavenReq\com\netflix\ribbon\ribbon\2.2.5\ribbon-2.2.5.jar;D:\maven\mavenReq\com\netflix\ribbon\ribbon-transport\2.2.5\ribbon-transport-2.2.5.jar;D:\maven\mavenReq\io\reactivex\rxnetty-contexts\0.4.9\rxnetty-contexts-0.4.9.jar;D:\maven\mavenReq\io\reactivex\rxnetty-servo\0.4.9\rxnetty-servo-0.4.9.jar;D:\maven\mavenReq\javax\inject\javax.inject\1\javax.inject-1.jar;D:\maven\mavenReq\io\reactivex\rxnetty\0.4.9\rxnetty-0.4.9.jar;D:\maven\mavenReq\io\netty\netty-codec-http\4.1.25.Final\netty-codec-http-4.1.25.Final.jar;D:\maven\mavenReq\io\netty\netty-codec\4.1.25.Final\netty-codec-4.1.25.Final.jar;D:\maven\mavenReq\io\netty\netty-transport-native-epoll\4.1.25.Final\netty-transport-native-epoll-4.1.25.Final.jar;D:\maven\mavenReq\io\netty\netty-common\4.1.25.Final\netty-common-4.1.25.Final.jar;D:\maven\mavenReq\io\netty\netty-buffer\4.1.25.Final\netty-buffer-4.1.25.Final.jar;D:\maven\mavenReq\io\netty\netty-transport-native-unix-common\4.1.25.Final\netty-transport-native-unix-common-4.1.25.Final.jar;D:\maven\mavenReq\io\netty\netty-transport\4.1.25.Final\netty-transport-4.1.25.Final.jar;D:\maven\mavenReq\io\netty\netty-resolver\4.1.25.Final\netty-resolver-4.1.25.Final.jar;D:\maven\mavenReq\com\netflix\ribbon\ribbon-core\2.2.5\ribbon-core-2.2.5.jar;D:\maven\mavenReq\commons-lang\commons-lang\2.6\commons-lang-2.6.jar;D:\maven\mavenReq\com\netflix\ribbon\ribbon-httpclient\2.2.5\ribbon-httpclient-2.2.5.jar;D:\maven\mavenReq\commons-collections\commons-collections\3.2.2\commons-collections-3.2.2.jar;D:\maven\mavenReq\com\netflix\netflix-commons\netflix-commons-util\0.1.1\netflix-commons-util-0.1.1.jar;D:\maven\mavenReq\com\netflix\ribbon\ribbon-loadbalancer\2.2.5\ribbon-loadbalancer-2.2.5.jar;D:\maven\mavenReq\com\netflix\netflix-commons\netflix-statistics\0.1.1\netflix-statistics-0.1.1.jar;D:\maven\mavenReq\io\reactivex\rxjava\1.3.8\rxjava-1.3.8.jar;, java.specification.name=Java Platform API Specification, java.class.version=52.0, sun.management.compiler=HotSpot 64-Bit Tiered Compilers, os.version=10.0, user.home=C:\Users\95303, user.timezone=Asia/Shanghai, java.awt.printerjob=sun.awt.windows.WPrinterJob, file.encoding=GBK, java.specification.version=1.8, java.class.path=D:\eclipse-workspace\com.my.springcloud\my-spring-user\target\test-classes;D:\eclipse-workspace\com.my.springcloud\my-spring-user\target\classes;D:\maven\mavenReq\junit\junit\4.12\junit-4.12.jar;D:\maven\mavenReq\org\hamcrest\hamcrest-core\1.3\hamcrest-core-1.3.jar;D:\maven\mavenReq\org\projectlombok\lombok\1.16.22\lombok-1.16.22.jar;D:\maven\mavenReq\org\springframework\boot\spring-boot-starter-web\2.0.3.RELEASE\spring-boot-starter-web-2.0.3.RELEASE.jar;D:\maven\mavenReq\org\springframework\boot\spring-boot-starter\2.0.3.RELEASE\spring-boot-starter-2.0.3.RELEASE.jar;D:\maven\mavenReq\org\springframework\boot\spring-boot\2.0.3.RELEASE\spring-boot-2.0.3.RELEASE.jar;D:\maven\mavenReq\org\springframework\boot\spring-boot-autoconfigure\2.0.3.RELEASE\spring-boot-autoconfigure-2.0.3.RELEASE.jar;D:\maven\mavenReq\org\springframework\boot\spring-boot-starter-logging\2.0.3.RELEASE\spring-boot-starter-logging-2.0.3.RELEASE.jar;D:\maven\mavenReq\ch\qos\logback\logback-classic\1.2.3\logback-classic-1.2.3.jar;D:\maven\mavenReq\ch\qos\logback\logback-core\1.2.3\logback-core-1.2.3.jar;D:\maven\mavenReq\org\apache\logging\log4j\log4j-to-slf4j\2.10.0\log4j-to-slf4j-2.10.0.jar;D:\maven\mavenReq\org\apache\logging\log4j\log4j-api\2.10.0\log4j-api-2.10.0.jar;D:\maven\mavenReq\org\slf4j\jul-to-slf4j\1.7.25\jul-to-slf4j-1.7.25.jar;D:\maven\mavenReq\javax\annotation\javax.annotation-api\1.3.2\javax.annotation-api-1.3.2.jar;D:\maven\mavenReq\org\yaml\snakeyaml\1.19\snakeyaml-1.19.jar;D:\maven\mavenReq\org\springframework\boot\spring-boot-starter-json\2.0.3.RELEASE\spring-boot-starter-json-2.0.3.RELEASE.jar;D:\maven\mavenReq\com\fasterxml\jackson\datatype\jackson-datatype-jdk8\2.9.6\jackson-datatype-jdk8-2.9.6.jar;D:\maven\mavenReq\com\fasterxml\jackson\datatype\jackson-datatype-jsr310\2.9.6\jackson-datatype-jsr310-2.9.6.jar;D:\maven\mavenReq\com\fasterxml\jackson\module\jackson-module-parameter-names\2.9.6\jackson-module-parameter-names-2.9.6.jar;D:\maven\mavenReq\org\springframework\boot\spring-boot-starter-tomcat\2.0.3.RELEASE\spring-boot-starter-tomcat-2.0.3.RELEASE.jar;D:\maven\mavenReq\org\apache\tomcat\embed\tomcat-embed-core\8.5.31\tomcat-embed-core-8.5.31.jar;D:\maven\mavenReq\org\apache\tomcat\embed\tomcat-embed-el\8.5.31\tomcat-embed-el-8.5.31.jar;D:\maven\mavenReq\org\apache\tomcat\embed\tomcat-embed-websocket\8.5.31\tomcat-embed-websocket-8.5.31.jar;D:\maven\mavenReq\org\hibernate\validator\hibernate-validator\6.0.10.Final\hibernate-validator-6.0.10.Final.jar;D:\maven\mavenReq\javax\validation\validation-api\2.0.1.Final\validation-api-2.0.1.Final.jar;D:\maven\mavenReq\org\jboss\logging\jboss-logging\3.3.2.Final\jboss-logging-3.3.2.Final.jar;D:\maven\mavenReq\com\fasterxml\classmate\1.3.4\classmate-1.3.4.jar;D:\maven\mavenReq\org\springframework\spring-web\5.0.7.RELEASE\spring-web-5.0.7.RELEASE.jar;D:\maven\mavenReq\org\springframework\spring-beans\5.0.7.RELEASE\spring-beans-5.0.7.RELEASE.jar;D:\maven\mavenReq\org\springframework\spring-webmvc\5.0.7.RELEASE\spring-webmvc-5.0.7.RELEASE.jar;D:\maven\mavenReq\org\springframework\spring-aop\5.0.7.RELEASE\spring-aop-5.0.7.RELEASE.jar;D:\maven\mavenReq\org\springframework\spring-context\5.0.7.RELEASE\spring-context-5.0.7.RELEASE.jar;D:\maven\mavenReq\org\springframework\spring-expression\5.0.7.RELEASE\spring-expression-5.0.7.RELEASE.jar;D:\maven\mavenReq\org\springframework\cloud\spring-cloud-starter-config\2.0.1.RELEASE\spring-cloud-starter-config-2.0.1.RELEASE.jar;D:\maven\mavenReq\org\springframework\cloud\spring-cloud-starter\2.0.1.RELEASE\spring-cloud-starter-2.0.1.RELEASE.jar;D:\maven\mavenReq\org\springframework\cloud\spring-cloud-context\2.0.1.RELEASE\spring-cloud-context-2.0.1.RELEASE.jar;D:\maven\mavenReq\org\springframework\security\spring-security-rsa\1.0.5.RELEASE\spring-security-rsa-1.0.5.RELEASE.jar;D:\maven\mavenReq\org\bouncycastle\bcpkix-jdk15on\1.56\bcpkix-jdk15on-1.56.jar;D:\maven\mavenReq\org\bouncycastle\bcprov-jdk15on\1.56\bcprov-jdk15on-1.56.jar;D:\maven\mavenReq\org\springframework\cloud\spring-cloud-config-client\2.0.1.RELEASE\spring-cloud-config-client-2.0.1.RELEASE.jar;D:\maven\mavenReq\com\fasterxml\jackson\core\jackson-annotations\2.9.0\jackson-annotations-2.9.0.jar;D:\maven\mavenReq\com\fasterxml\jackson\core\jackson-databind\2.9.6\jackson-databind-2.9.6.jar;D:\maven\mavenReq\com\fasterxml\jackson\core\jackson-core\2.9.6\jackson-core-2.9.6.jar;D:\maven\mavenReq\org\springframework\boot\spring-boot-starter-test\2.0.3.RELEASE\spring-boot-starter-test-2.0.3.RELEASE.jar;D:\maven\mavenReq\org\springframework\boot\spring-boot-test\2.0.3.RELEASE\spring-boot-test-2.0.3.RELEASE.jar;D:\maven\mavenReq\org\springframework\boot\spring-boot-test-autoconfigure\2.0.3.RELEASE\spring-boot-test-autoconfigure-2.0.3.RELEASE.jar;D:\maven\mavenReq\com\jayway\jsonpath\json-path\2.4.0\json-path-2.4.0.jar;D:\maven\mavenReq\net\minidev\json-smart\2.3\json-smart-2.3.jar;D:\maven\mavenReq\net\minidev\accessors-smart\1.2\accessors-smart-1.2.jar;D:\maven\mavenReq\org\slf4j\slf4j-api\1.7.25\slf4j-api-1.7.25.jar;D:\maven\mavenReq\org\assertj\assertj-core\3.9.1\assertj-core-3.9.1.jar;D:\maven\mavenReq\org\mockito\mockito-core\2.15.0\mockito-core-2.15.0.jar;D:\maven\mavenReq\net\bytebuddy\byte-buddy\1.7.11\byte-buddy-1.7.11.jar;D:\maven\mavenReq\net\bytebuddy\byte-buddy-agent\1.7.11\byte-buddy-agent-1.7.11.jar;D:\maven\mavenReq\org\objenesis\objenesis\2.6\objenesis-2.6.jar;D:\maven\mavenReq\org\hamcrest\hamcrest-library\1.3\hamcrest-library-1.3.jar;D:\maven\mavenReq\org\skyscreamer\jsonassert\1.5.0\jsonassert-1.5.0.jar;D:\maven\mavenReq\com\vaadin\external\google\android-json\0.0.20131108.vaadin1\android-json-0.0.20131108.vaadin1.jar;D:\maven\mavenReq\org\springframework\spring-core\5.0.7.RELEASE\spring-core-5.0.7.RELEASE.jar;D:\maven\mavenReq\org\springframework\spring-jcl\5.0.7.RELEASE\spring-jcl-5.0.7.RELEASE.jar;D:\maven\mavenReq\org\springframework\spring-test\5.0.7.RELEASE\spring-test-5.0.7.RELEASE.jar;D:\maven\mavenReq\org\xmlunit\xmlunit-core\2.5.1\xmlunit-core-2.5.1.jar;D:\maven\mavenReq\org\springframework\cloud\spring-cloud-starter-netflix-eureka-client\2.0.0.RELEASE\spring-cloud-starter-netflix-eureka-client-2.0.0.RELEASE.jar;D:\maven\mavenReq\org\springframework\cloud\spring-cloud-netflix-core\2.0.0.RELEASE\spring-cloud-netflix-core-2.0.0.RELEASE.jar;D:\maven\mavenReq\org\springframework\boot\spring-boot-starter-aop\2.0.3.RELEASE\spring-boot-starter-aop-2.0.3.RELEASE.jar;D:\maven\mavenReq\org\springframework\cloud\spring-cloud-netflix-eureka-client\2.0.0.RELEASE\spring-cloud-netflix-eureka-client-2.0.0.RELEASE.jar;D:\maven\mavenReq\com\netflix\eureka\eureka-client\1.9.2\eureka-client-1.9.2.jar;D:\maven\mavenReq\org\codehaus\jettison\jettison\1.3.7\jettison-1.3.7.jar;D:\maven\mavenReq\stax\stax-api\1.0.1\stax-api-1.0.1.jar;D:\maven\mavenReq\com\netflix\netflix-commons\netflix-eventbus\0.3.0\netflix-eventbus-0.3.0.jar;D:\maven\mavenReq\com\netflix\netflix-commons\netflix-infix\0.3.0\netflix-infix-0.3.0.jar;D:\maven\mavenReq\commons-jxpath\commons-jxpath\1.3\commons-jxpath-1.3.jar;D:\maven\mavenReq\joda-time\joda-time\2.9.9\joda-time-2.9.9.jar;D:\maven\mavenReq\org\antlr\antlr-runtime\3.4\antlr-runtime-3.4.jar;D:\maven\mavenReq\org\antlr\stringtemplate\3.2.1\stringtemplate-3.2.1.jar;D:\maven\mavenReq\antlr\antlr\2.7.7\antlr-2.7.7.jar;D:\maven\mavenReq\com\google\code\gson\gson\2.8.5\gson-2.8.5.jar;D:\maven\mavenReq\org\apache\commons\commons-math\2.2\com
[...]
	at org.springframework.context.event.ApplicationListenerMethodAdapter.processEvent(ApplicationListenerMethodAdapter.java:180) ~[spring-context-5.0.7.RELEASE.jar:5.0.7.RELEASE]
	at org.springframework.context.event.ApplicationListenerMethodAdapter.onApplicationEvent(ApplicationListenerMethodAdapter.java:142) ~[spring-context-5.0.7.RELEASE.jar:5.0.7.RELEASE]
	at org.springframework.context.event.SimpleApplicationEventMulticaster.doInvokeListener(SimpleApplicationEventMulticaster.java:172) ~[spring-context-5.0.7.RELEASE.jar:5.0.7.RELEASE]
	at org.springframework.context.event.SimpleApplicationEventMulticaster.invokeListener(SimpleApplicationEventMulticaster.java:165) ~[spring-context-5.0.7.RELEASE.jar:5.0.7.RELEASE]
	at org.springframework.context.event.SimpleApplicationEventMulticaster.multicastEvent(SimpleApplicationEventMulticaster.java:139) ~[spring-context-5.0.7.RELEASE.jar:5.0.7.RELEASE]
	at org.springframework.context.support.AbstractApplicationContext.publishEvent(AbstractApplicationContext.java:400) ~[spring-context-5.0.7.RELEASE.jar:5.0.7.RELEASE]
	at org.springframework.context.support.AbstractApplicationContext.publishEvent(AbstractApplicationContext.java:354) ~[spring-context-5.0.7.RELEASE.jar:5.0.7.RELEASE]
	at org.springframework.context.support.AbstractApplicationContext.finishRefresh(AbstractApplicationContext.java:888) ~[spring-context-5.0.7.RELEASE.jar:5.0.7.RELEASE]
	at org.springframework.context.support.AbstractApplicationContext.refresh(AbstractApplicationContext.java:553) ~[spring-context-5.0.7.RELEASE.jar:5.0.7.RELEASE]
	at org.springframework.boot.SpringApplication.refresh(SpringApplication.java:759) ~[spring-boot-2.0.3.RELEASE.jar:2.0.3.RELEASE]
	at org.springframework.boot.SpringApplication.refreshContext(SpringApplication.java:395) ~[spring-boot-2.0.3.RELEASE.jar:2.0.3.RELEASE]
	at org.springframework.boot.SpringApplication.run(SpringApplication.java:327) ~[spring-boot-2.0.3.RELEASE.jar:2.0.3.RELEASE]
	at org.springframework.boot.test.context.SpringBootContextLoader.loadContext(SpringBootContextLoader.java:139) [spring-boot-test-2.0.3.RELEASE.jar:2.0.3.RELEASE]
	at org.springframework.test.context.cache.DefaultCacheAwareContextLoaderDelegate.loadContextInternal(DefaultCacheAwareContextLoaderDelegate.java:99) [spring-test-5.0.7.RELEASE.jar:5.0.7.RELEASE]
	at org.springframework.test.context.cache.DefaultCacheAwareContextLoaderDelegate.loadContext(DefaultCacheAwareContextLoaderDelegate.java:117) [spring-test-5.0.7.RELEASE.jar:5.0.7.RELEASE]
	at org.springframework.test.context.support.DefaultTestContext.getApplicationContext(DefaultTestContext.java:108) [spring-test-5.0.7.RELEASE.jar:5.0.7.RELEASE]
	at org.springframework.test.context.web.ServletTestExecutionListener.setUpRequestContextIfNecessary(ServletTestExecutionListener.java:190) [spring-test-5.0.7.RELEASE.jar:5.0.7.RELEASE]
	at org.springframework.test.context.web.ServletTestExecutionListener.prepareTestInstance(ServletTestExecutionListener.java:132) [spring-test-5.0.7.RELEASE.jar:5.0.7.RELEASE]
	at org.springframework.test.context.TestContextManager.prepareTestInstance(TestContextManager.java:246) [spring-test-5.0.7.RELEASE.jar:5.0.7.RELEASE]
	at org.springframework.test.context.junit4.SpringJUnit4ClassRunner.createTest(SpringJUnit4ClassRunner.java:227) [spring-test-5.0.7.RELEASE.jar:5.0.7.RELEASE]
	at org.springframework.test.context.junit4.SpringJUnit4ClassRunner$1.runReflectiveCall(SpringJUnit4ClassRunner.java:289) [spring-test-5.0.7.RELEASE.jar:5.0.7.RELEASE]
	at org.junit.internal.runners.model.ReflectiveCallable.run(ReflectiveCallable.java:12) [junit-4.12.jar:4.12]
	at org.springframework.test.context.junit4.SpringJUnit4ClassRunner.methodBlock(SpringJUnit4ClassRunner.java:291) [spring-test-5.0.7.RELEASE.jar:5.0.7.RELEASE]
	at org.springframework.test.context.junit4.SpringJUnit4ClassRunner.runChild(SpringJUnit4ClassRunner.java:246) [spring-test-5.0.7.RELEASE.jar:5.0.7.RELEASE]
	at org.springframework.test.context.junit4.SpringJUnit4ClassRunner.runChild(SpringJUnit4ClassRunner.java:97) [spring-test-5.0.7.RELEASE.jar:5.0.7.RELEASE]
	at org.junit.runners.ParentRunner$3.run(ParentRunner.java:290) [junit-4.12.jar:4.12]
	at org.junit.runners.ParentRunner$1.schedule(ParentRunner.java:71) [junit-4.12.jar:4.12]
	at org.junit.runners.ParentRunner.runChildren(ParentRunner.java:288) [junit-4.12.jar:4.12]
	at org.junit.runners.ParentRunner.access$000(ParentRunner.java:58) [junit-4.12.jar:4.12]
	at org.junit.runners.ParentRunner$2.evaluate(ParentRunner.java:268) [junit-4.12.jar:4.12]
	at org.springframework.test.context.junit4.statements.RunBeforeTestClassCallbacks.evaluate(RunBeforeTestClassCallbacks.java:61) [spring-test-5.0.7.RELEASE.jar:5.0.7.RELEASE]
	at org.springframework.test.context.junit4.statements.RunAfterTestClassCallbacks.evaluate(RunAfterTestClassCallbacks.java:70) [spring-test-5.0.7.RELEASE.jar:5.0.7.RELEASE]
	at org.junit.runners.ParentRunner.run(ParentRunner.java:363) [junit-4.12.jar:4.12]
	at org.springframework.test.context.junit4.SpringJUnit4ClassRunner.run(SpringJUnit4ClassRunner.java:190) [spring-test-5.0.7.RELEASE.jar:5.0.7.RELEASE]
	at org.apache.maven.surefire.junit4.JUnit4Provider.execute(JUnit4Provider.java:365) [surefire-junit4-2.21.0.jar:2.21.0]
	at org.apache.maven.surefire.junit4.JUnit4Provider.executeWithRerun(JUnit4Provider.java:273) [surefire-junit4-2.21.0.jar:2.21.0]
	at org.apache.maven.surefire.junit4.JUnit4Provider.executeTestSet(JUnit4Provider.java:238) [surefire-junit4-2.21.0.jar:2.21.0]
	at org.apache.maven.surefire.junit4.JUnit4Provider.invoke(JUnit4Provider.java:159) [surefire-junit4-2.21.0.jar:2.21.0]
	at org.apache.maven.surefire.booter.ForkedBooter.invokeProviderInSameClassLoader(ForkedBooter.java:379) [surefire-booter-2.21.0.jar:2.21.0]
	at org.apache.maven.surefire.booter.ForkedBooter.runSuitesInProcess(ForkedBooter.java:340) [surefire-booter-2.21.0.jar:2.21.0]
	at org.apache.maven.surefire.booter.ForkedBooter.execute(ForkedBooter.java:125) [surefire-booter-2.21.0.jar:2.21.0]
	at org.apache.maven.surefire.booter.ForkedBooter.main(ForkedBooter.java:413) [surefire-booter-2.21.0.jar:2.21.0]
Caused by: java.lang.IllegalArgumentException: Could not resolve placeholder 'foo' in value "${foo}"
	at org.springframework.util.PropertyPlaceholderHelper.parseStringValue(PropertyPlaceholderHelper.java:172) ~[spring-core-5.0.7.RELEASE.jar:5.0.7.RELEASE]
	at org.springframework.util.PropertyPlaceholderHelper.replacePlaceholders(PropertyPlaceholderHelper.java:124) ~[spring-core-5.0.7.RELEASE.jar:5.0.7.RELEASE]
	at org.springframework.core.env.AbstractPropertyResolver.doResolvePlaceholders(AbstractPropertyResolver.java:237) ~[spring-core-5.0.7.RELEASE.jar:5.0.7.RELEASE]
	at org.springframework.core.env.AbstractPropertyResolver.resolveRequiredPlaceholders(AbstractPropertyResolver.java:211) ~[spring-core-5.0.7.RELEASE.jar:5.0.7.RELEASE]
	at org.springframework.context.support.PropertySourcesPlaceholderConfigurer.lambda$processProperties$0(PropertySourcesPlaceholderConfigurer.java:175) ~[spring-context-5.0.7.RELEASE.jar:5.0.7.RELEASE]
	at org.springframework.beans.factory.support.AbstractBeanFactory.resolveEmbeddedValue(AbstractBeanFactory.java:839) ~[spring-beans-5.0.7.RELEASE.jar:5.0.7.RELEASE]
	at org.springframework.beans.factory.support.DefaultListableBeanFactory.doResolveDependency(DefaultListableBeanFactory.java:1086) ~[spring-beans-5.0.7.RELEASE.jar:5.0.7.RELEASE]
	at org.springframework.beans.factory.support.DefaultListableBeanFactory.resolveDependency(DefaultListableBeanFactory.java:1065) ~[spring-beans-5.0.7.RELEASE.jar:5.0.7.RELEASE]
	at org.springframework.beans.factory.annotation.AutowiredAnnotationBeanPostProcessor$AutowiredFieldElement.inject(AutowiredAnnotationBeanPostProcessor.java:584) ~[spring-beans-5.0.7.RELEASE.jar:5.0.7.RELEASE]
	at org.springframework.beans.factory.annotation.InjectionMetadata.inject(InjectionMetadata.java:91) ~[spring-beans-5.0.7.RELEASE.jar:5.0.7.RELEASE]
	at org.springframework.beans.factory.annotation.AutowiredAnnotationBeanPostProcessor.postProcessPropertyValues(AutowiredAnnotationBeanPostProcessor.java:373) ~[spring-beans-5.0.7.RELEASE.jar:5.0.7.RELEASE]
	... 58 common frames omitted

2019-03-19 16:13:33.913 ERROR 21472 --- [           main] o.s.test.context.TestContextManager      : Caught exception while allowing TestExecutionListener [org.springframework.test.context.web.ServletTestExecutionListener@126253fd] to prepare test instance [com.example.demo.UserApplicationTests@73e399cc]

java.lang.IllegalStateException: Failed to load ApplicationContext
	at org.springframework.test.context.cache.DefaultCacheAwareContextLoaderDelegate.loadContext(DefaultCacheAwareContextLoaderDelegate.java:125) ~[spring-test-5.0.7.RELEASE.jar:5.0.7.RELEASE]
	at org.springframework.test.context.support.DefaultTestContext.getApplicationContext(DefaultTestContext.java:108) ~[spring-test-5.0.7.RELEASE.jar:5.0.7.RELEASE]
	at org.springframework.test.context.web.ServletTestExecutionListener.setUpRequestContextIfNecessary(ServletTestExecutionListener.java:190) ~[spring-test-5.0.7.RELEASE.jar:5.0.7.RELEASE]
	at org.springframework.test.context.web.ServletTestExecutionListener.prepareTestInstance(ServletTestExecutionListener.java:132) ~[spring-test-5.0.7.RELEASE.jar:5.0.7.RELEASE]
	at org.springframework.test.context.TestContextManager.prepareTestInstance(TestContextManager.java:246) ~[spring-test-5.0.7.RELEASE.jar:5.0.7.RELEASE]
	at org.springframework.test.context.junit4.SpringJUnit4ClassRunner.createTest(SpringJUnit4ClassRunner.java:227) [spring-test-5.0.7.RELEASE.jar:5.0.7.RELEASE]
	at org.springframework.test.context.junit4.SpringJUnit4ClassRunner$1.runReflectiveCall(SpringJUnit4ClassRunner.java:289) [spring-test-5.0.7.RELEASE.jar:5.0.7.RELEASE]
	at org.junit.internal.runners.model.ReflectiveCallable.run(ReflectiveCallable.java:12) [junit-4.12.jar:4.12]
	at org.springframework.test.context.junit4.SpringJUnit4ClassRunner.methodBlock(SpringJUnit4ClassRunner.java:291) [spring-test-5.0.7.RELEASE.jar:5.0.7.RELEASE]
	at org.springframework.test.context.junit4.SpringJUnit4ClassRunner.runChild(SpringJUnit4ClassRunner.java:246) [spring-test-5.0.7.RELEASE.jar:5.0.7.RELEASE]
	at org.springframework.test.context.junit4.SpringJUnit4ClassRunner.runChild(SpringJUnit4ClassRunner.java:97) [spring-test-5.0.7.RELEASE.jar:5.0.7.RELEASE]
	at org.junit.runners.ParentRunner$3.run(ParentRunner.java:290) [junit-4.12.jar:4.12]
	at org.junit.runners.ParentRunner$1.schedule(ParentRunner.java:71) [junit-4.12.jar:4.12]
	at org.junit.runners.ParentRunner.runChildren(ParentRunner.java:288) [junit-4.12.jar:4.12]
	at org.junit.runners.ParentRunner.access$000(ParentRunner.java:58) [junit-4.12.jar:4.12]
	at org.junit.runners.ParentRunner$2.evaluate(ParentRunner.java:268) [junit-4.12.jar:4.12]
	at org.springframework.test.context.junit4.statements.RunBeforeTestClassCallbacks.evaluate(RunBeforeTestClassCallbacks.java:61) [spring-test-5.0.7.RELEASE.jar:5.0.7.RELEASE]
	at org.springframework.test.context.junit4.statements.RunAfterTestClassCallbacks.evaluate(RunAfterTestClassCallbacks.java:70) [spring-test-5.0.7.RELEASE.jar:5.0.7.RELEASE]
	at org.junit.runners.ParentRunner.run(ParentRunner.java:363) [junit-4.12.jar:4.12]
	at org.springframework.test.context.junit4.SpringJUnit4ClassRunner.run(SpringJUnit4ClassRunner.java:190) [spring-test-5.0.7.RELEASE.jar:5.0.7.RELEASE]
	at org.apache.maven.surefire.junit4.JUnit4Provider.execute(JUnit4Provider.java:365) [surefire-junit4-2.21.0.jar:2.21.0]
	at org.apache.maven.surefire.junit4.JUnit4Provider.executeWithRerun(JUnit4Provider.java:273) [surefire-junit4-2.21.0.jar:2.21.0]
	at org.apache.maven.surefire.junit4.JUnit4Provider.executeTestSet(JUnit4Provider.java:238) [surefire-junit4-2.21.0.jar:2.21.0]
	at org.apache.maven.surefire.junit4.JUnit4Provider.invoke(JUnit4Provider.java:159) [surefire-junit4-2.21.0.jar:2.21.0]
	at org.apache.maven.surefire.booter.ForkedBooter.invokeProviderInSameClassLoader(ForkedBooter.java:379) [surefire-booter-2.21.0.jar:2.21.0]
	at org.apache.maven.surefire.booter.ForkedBooter.runSuitesInProcess(ForkedBooter.java:340) [surefire-booter-2.21.0.jar:2.21.0]
	at org.apache.maven.surefire.booter.ForkedBooter.execute(ForkedBooter.java:125) [surefire-booter-2.21.0.jar:2.21.0]
	at org.apache.maven.surefire.booter.ForkedBooter.main(ForkedBooter.java:413) [surefire-booter-2.21.0.jar:2.21.0]
Caused by: org.springframework.beans.factory.BeanCreationException: Error creating bean with name 'scopedTarget.userService': Injection of autowired dependencies failed; nested exception is java.lang.IllegalArgumentException: Could not resolve placeholder 'foo' in value "${foo}"
	at org.springframework.beans.factory.annotation.AutowiredAnnotationBeanPostProcessor.postProcessPropertyValues(AutowiredAnnotationBeanPostProcessor.java:379) ~[spring-beans-5.0.7.RELEASE.jar:5.0.7.RELEASE]
	at org.springframework.beans.factory.support.AbstractAutowireCapableBeanFactory.populateBean(AbstractAutowireCapableBeanFactory.java:1350) ~[spring-beans-5.0.7.RELEASE.jar:5.0.7.RELEASE]
	at org.springframework.beans.factory.support.AbstractAutowireCapableBeanFactory.doCreateBean(AbstractAutowireCapableBeanFactory.java:580) ~[spring-beans-5.0.7.RELEASE.jar:5.0.7.RELEASE]
	at org.springframework.beans.factory.support.AbstractAutowireCapableBeanFactory.createBean(AbstractAutowireCapableBeanFactory.java:503) ~[spring-beans-5.0.7.RELEASE.jar:5.0.7.RELEASE]
	at org.springframework.beans.factory.support.AbstractBeanFactory.lambda$doGetBean$1(AbstractBeanFactory.java:353) ~[spring-beans-5.0.7.RELEASE.jar:5.0.7.RELEASE]
	at org.springframework.cloud.context.scope.GenericScope$BeanLifecycleWrapper.getBean(GenericScope.java:390) ~[spring-cloud-context-2.0.1.RELEASE.jar:2.0.1.RELEASE]
	at org.springframework.cloud.context.scope.GenericScope.get(GenericScope.java:184) ~[spring-cloud-context-2.0.1.RELEASE.jar:2.0.1.RELEASE]
	at org.springframework.beans.factory.support.AbstractBeanFactory.doGetBean(AbstractBeanFactory.java:350) ~[spring-beans-5.0.7.RELEASE.jar:5.0.7.RELEASE]
	at org.springframework.beans.factory.support.AbstractBeanFactory.getBean(AbstractBeanFactory.java:199) ~[spring-beans-5.0.7.RELEASE.jar:5.0.7.RELEASE]
	at org.springframework.context.support.AbstractApplicationContext.getBean(AbstractApplicationContext.java:1089) ~[spring-context-5.0.7.RELEASE.jar:5.0.7.RELEASE]
	at org.springframework.cloud.context.scope.refresh.RefreshScope.eagerlyInitialize(RefreshScope.java:126) ~[spring-cloud-context-2.0.1.RELEASE.jar:2.0.1.RELEASE]
	at org.springframework.cloud.context.scope.refresh.RefreshScope.start(RefreshScope.java:117) ~[spring-cloud-context-2.0.1.RELEASE.jar:2.0.1.RELEASE]
	at sun.reflect.NativeMethodAccessorImpl.invoke0(Native Method) ~[na:1.8.0_181]
	at sun.reflect.NativeMethodAccessorImpl.invoke(NativeMethodAccessorImpl.java:62) ~[na:1.8.0_181]
	at sun.reflect.DelegatingMethodAccessorImpl.invoke(DelegatingMethodAccessorImpl.java:43) ~[na:1.8.0_181]
	at java.lang.reflect.Method.invoke(Method.java:498) ~[na:1.8.0_181]
	at org.springframework.context.event.ApplicationListenerMethodAdapter.doInvoke(ApplicationListenerMethodAdapter.java:261) ~[spring-context-5.0.7.RELEASE.jar:5.0.7.RELEASE]
	at org.springframework.context.event.ApplicationListenerMethodAdapter.processEvent(ApplicationListenerMethodAdapter.java:180) ~[spring-context-5.0.7.RELEASE.jar:5.0.7.RELEASE]
	at org.springframework.context.event.ApplicationListenerMethodAdapter.onApplicationEvent(ApplicationListenerMethodAdapter.java:142) ~[spring-context-5.0.7.RELEASE.jar:5.0.7.RELEASE]
	at org.springframework.context.event.SimpleApplicationEventMulticaster.doInvokeListener(SimpleApplicationEventMulticaster.java:172) ~[spring-context-5.0.7.RELEASE.jar:5.0.7.RELEASE]
	at org.springframework.context.event.SimpleApplicationEventMulticaster.invokeListener(SimpleApplicationEventMulticaster.java:165) ~[spring-context-5.0.7.RELEASE.jar:5.0.7.RELEASE]
	at org.springframework.context.event.SimpleApplicationEventMulticaster.multicastEvent(SimpleApplicationEventMulticaster.java:139) ~[spring-context-5.0.7.RELEASE.jar:5.0.7.RELEASE]
	at org.springframework.context.support.AbstractApplicationContext.publishEvent(AbstractApplicationContext.java:400) ~[spring-context-5.0.7.RELEASE.jar:5.0.7.RELEASE]
	at org.springframework.context.support.AbstractApplicationContext.publishEvent(AbstractApplicationContext.java:354) ~[spring-context-5.0.7.RELEASE.jar:5.0.7.RELEASE]
	at org.springframework.context.support.AbstractApplicationContext.finishRefresh(AbstractApplicationContext.java:888) ~[spring-context-5.0.7.RELEASE.jar:5.0.7.RELEASE]
	at org.springframework.context.support.AbstractApplicationContext.refresh(AbstractApplicationContext.java:553) ~[spring-context-5.0.7.RELEASE.jar:5.0.7.RELEASE]
	at org.springframework.boot.SpringApplication.refresh(SpringApplication.java:759) ~[spring-boot-2.0.3.RELEASE.jar:2.0.3.RELEASE]
	at org.springframework.boot.SpringApplication.refreshContext(SpringApplication.java:395) ~[spring-boot-2.0.3.RELEASE.jar:2.0.3.RELEASE]
	at org.springframework.boot.SpringApplication.run(SpringApplication.java:327) ~[spring-boot-2.0.3.RELEASE.jar:2.0.3.RELEASE]
	at org.springframework.boot.test.context.SpringBootContextLoader.loadContext(SpringBootContextLoader.java:139) ~[spring-boot-test-2.0.3.RELEASE.jar:2.0.3.RELEASE]
	at org.springframework.test.context.cache.DefaultCacheAwareContextLoaderDelegate.loadContextInternal(DefaultCacheAwareContextLoaderDelegate.java:99) ~[spring-test-5.0.7.RELEASE.jar:5.0.7.RELEASE]
	at org.springframework.test.context.cache.DefaultCacheAwareContextLoaderDelegate.loadContext(DefaultCacheAwareContextLoaderDelegate.java:117) ~[spring-test-5.0.7.RELEASE.jar:5.0.7.RELEASE]
	... 27 common frames omitted
Caused by: java.lang.IllegalArgumentException: Could not resolve placeholder 'foo' in value "${foo}"
	at org.springframework.util.PropertyPlaceholderHelper.parseStringValue(PropertyPlaceholderHelper.java:172) ~[spring-core-5.0.7.RELEASE.jar:5.0.7.RELEASE]
	at org.springframework.util.PropertyPlaceholderHelper.replacePlaceholders(PropertyPlaceholderHelper.java:124) ~[spring-core-5.0.7.RELEASE.jar:5.0.7.RELEASE]
	at org.springframework.core.env.AbstractPropertyResolver.doResolvePlaceholders(AbstractPropertyResolver.java:237) ~[spring-core-5.0.7.RELEASE.jar:5.0.7.RELEASE]
	at org.springframework.core.env.AbstractPropertyResolver.resolveRequiredPlaceholders(AbstractPropertyResolver.java:211) ~[spring-core-5.0.7.RELEASE.jar:5.0.7.RELEASE]
	at org.springframework.context.support.PropertySourcesPlaceholderConfigurer.lambda$processProperties$0(PropertySourcesPlaceholderConfigurer.java:175) ~[spring-context-5.0.7.RELEASE.jar:5.0.7.RELEASE]
	at org.springframework.beans.factory.support.AbstractBeanFactory.resolveEmbeddedValue(AbstractBeanFactory.java:839) ~[spring-beans-5.0.7.RELEASE.jar:5.0.7.RELEASE]
	at org.springframework.beans.factory.support.DefaultListableBeanFactory.doResolveDependency(DefaultListableBeanFactory.java:1086) ~[spring-beans-5.0.7.RELEASE.jar:5.0.7.RELEASE]
	at org.springframework.beans.factory.support.DefaultListableBeanFactory.resolveDependency(DefaultListableBeanFactory.java:1065) ~[spring-beans-5.0.7.RELEASE.jar:5.0.7.RELEASE]
	at org.springframework.beans.factory.annotation.AutowiredAnnotationBeanPostProcessor$AutowiredFieldElement.inject(AutowiredAnnotationBeanPostProcessor.java:584) ~[spring-beans-5.0.7.RELEASE.jar:5.0.7.RELEASE]
	at org.springframework.beans.factory.annotation.InjectionMetadata.inject(InjectionMetadata.java:91) ~[spring-beans-5.0.7.RELEASE.jar:5.0.7.RELEASE]
	at org.springframework.beans.factory.annotation.AutowiredAnnotationBeanPostProcessor.postProcessPropertyValues(AutowiredAnnotationBeanPostProcessor.java:373) ~[spring-beans-5.0.7.RELEASE.jar:5.0.7.RELEASE]
	... 58 common frames omitted

]]></system-out>
  </testcase>
</testsuite>